<?xml version="1.0" encoding="UTF-8"?>
<testsuite xmlns:xsi="http://www.w3.org/2001/XMLSchema-instance" xsi:noNamespaceSchemaLocation="https://maven.apache.org/surefire/maven-surefire-plugin/xsd/surefire-test-report-3.0.xsd" version="3.0" name="TestSuite" time="34.337" tests="8" errors="0" skipped="0" failures="8">
  <properties>
[...]
</properties>
  <testcase name="runScenario[&quot;Test Case 2 Alternative - Count Videos with different time periods&quot;, &quot;NBA Warriors Website Testing - Core Product&quot;](1)" classname="com.nba.tests.core.WarriorsTestRunner" time="31.839">
    <failure message="Hover action failed" type="java.lang.RuntimeException"><![CDATA[java.lang.RuntimeException: Hover action failed
	at com.nba.framework.pages.BasePage.hoverOverElement(BasePage.java:137)
	at com.nba.tests.core.pages.WarriorsPage.hoverOnMenu(WarriorsPage.java:304)
	at com.nba.tests.core.stepdefinitions.WarriorsStepDefinitions.iHoverOnMenuItem(WarriorsStepDefinitions.java:180)
	at ✽.I hover on menu item(file:///Volumes/Amdocs/Workspace/nba-automation-framework%202/core-product-tests/src/test/resources/features/warriors_tests.feature:47)
Caused by: org.openqa.selenium.NoSuchElementException: no such element: Unable to locate element: {"method":"xpath","selector":"//a[contains(text(), 'Menu')]"}
  (Session info: chrome=141.0.7390.123)
For documentation on this error, please visit: https://www.selenium.dev/documentation/webdriver/troubleshooting/errors#no-such-element-exception
Build info: version: '4.15.0', revision: '1d14b5521b'
System info: os.name: 'Mac OS X', os.arch: 'aarch64', os.version: '15.7.1', java.version: '17.0.12'
Driver info: org.openqa.selenium.chrome.ChromeDriver
Command: [c564b7af85bae002da20d0d3543805bf, findElement {using=xpath, value=//a[contains(text(), 'Menu')]}]
Capabilities {acceptInsecureCerts: false, browserName: chrome, browserVersion: 141.0.7390.123, chrome: {chromedriverVersion: 141.0.7390.122 (b477534e7e1..., userDataDir: /tmp/chrome-test-profile-17...}, fedcm:accounts: true, goog:chromeOptions: {debuggerAddress: localhost:50914}, networkConnectionEnabled: false, pageLoadStrategy: normal, platformName: mac, proxy: Proxy(), se:cdp: ws://localhost:50914/devtoo..., se:cdpVersion: 141.0.7390.123, setWindowRect: true, strictFileInteractability: false, timeouts: {implicit: 0, pageLoad: 300000, script: 30000}, unhandledPromptBehavior: dismiss and notify, webauthn:extension:credBlob: true, webauthn:extension:largeBlob: true, webauthn:extension:minPinLength: true, webauthn:extension:prf: true, webauthn:virtualAuthenticators: true}
Session ID: c564b7af85bae002da20d0d3543805bf
	at java.base/jdk.internal.reflect.NativeConstructorAccessorImpl.newInstance0(Native Method)
	at java.base/jdk.internal.reflect.NativeConstructorAccessorImpl.newInstance(NativeConstructorAccessorImpl.java:77)
	at java.base/jdk.internal.reflect.DelegatingConstructorAccessorImpl.newInstance(DelegatingConstructorAccessorImpl.java:45)
	at java.base/java.lang.reflect.Constructor.newInstanceWithCaller(Constructor.java:499)
	at java.base/java.lang.reflect.Constructor.newInstance(Constructor.java:480)
	at org.openqa.selenium.remote.codec.w3c.W3CHttpResponseCodec.createException(W3CHttpResponseCodec.java:200)
	at org.openqa.selenium.remote.codec.w3c.W3CHttpResponseCodec.decode(W3CHttpResponseCodec.java:133)
	at org.openqa.selenium.remote.codec.w3c.W3CHttpResponseCodec.decode(W3CHttpResponseCodec.java:52)
	at org.openqa.selenium.remote.HttpCommandExecutor.execute(HttpCommandExecutor.java:191)
	at org.openqa.selenium.remote.service.DriverCommandExecutor.invokeExecute(DriverCommandExecutor.java:200)
	at org.openqa.selenium.remote.service.DriverCommandExecutor.execute(DriverCommandExecutor.java:175)
	at org.openqa.selenium.remote.RemoteWebDriver.execute(RemoteWebDriver.java:607)
	at org.openqa.selenium.remote.ElementLocation$ElementFinder$2.findElement(ElementLocation.java:165)
	at org.openqa.selenium.remote.ElementLocation.findElement(ElementLocation.java:59)
	at org.openqa.selenium.remote.RemoteWebDriver.findElement(RemoteWebDriver.java:364)
	at org.openqa.selenium.remote.RemoteWebDriver.findElement(RemoteWebDriver.java:358)
	at com.nba.framework.pages.BasePage.hoverOverElement(BasePage.java:132)
	at com.nba.tests.core.pages.WarriorsPage.hoverOnMenu(WarriorsPage.java:304)
	at com.nba.tests.core.stepdefinitions.WarriorsStepDefinitions.iHoverOnMenuItem(WarriorsStepDefinitions.java:180)
	at java.base/jdk.internal.reflect.NativeMethodAccessorImpl.invoke0(Native Method)
	at java.base/jdk.internal.reflect.NativeMethodAccessorImpl.invoke(NativeMethodAccessorImpl.java:77)
	at java.base/jdk.internal.reflect.DelegatingMethodAccessorImpl.invoke(DelegatingMethodAccessorImpl.java:43)
	at java.base/java.lang.reflect.Method.invoke(Method.java:568)
	at io.cucumber.java.Invoker.doInvoke(Invoker.java:66)
	at io.cucumber.java.Invoker.invoke(Invoker.java:24)
	at io.cucumber.java.AbstractGlueDefinition.invokeMethod(AbstractGlueDefinition.java:47)
	at io.cucumber.java.JavaStepDefinition.execute(JavaStepDefinition.java:29)
	at io.cucumber.core.runner.CoreStepDefinition.execute(CoreStepDefinition.java:66)
	at io.cucumber.core.runner.PickleStepDefinitionMatch.runStep(PickleStepDefinitionMatch.java:63)
	at io.cucumber.core.runner.ExecutionMode$1.execute(ExecutionMode.java:10)
	at io.cucumber.core.runner.TestStep.executeStep(TestStep.java:84)
	at io.cucumber.core.runner.TestStep.run(TestStep.java:56)
	at io.cucumber.core.runner.PickleStepTestStep.run(PickleStepTestStep.java:51)
	at io.cucumber.core.runner.TestCase.run(TestCase.java:84)
	at io.cucumber.core.runner.Runner.runPickle(Runner.java:75)
	at io.cucumber.testng.TestNGCucumberRunner.lambda$runScenario$1(TestNGCucumberRunner.java:132)
	at io.cucumber.core.runtime.CucumberExecutionContext.lambda$runTestCase$5(CucumberExecutionContext.java:137)
	at io.cucumber.core.runtime.RethrowingThrowableCollector.executeAndThrow(RethrowingThrowableCollector.java:23)
	at io.cucumber.core.runtime.CucumberExecutionContext.runTestCase(CucumberExecutionContext.java:137)
	at io.cucumber.testng.TestNGCucumberRunner.runScenario(TestNGCucumberRunner.java:129)
	at io.cucumber.testng.AbstractTestNGCucumberTests.runScenario(AbstractTestNGCucumberTests.java:35)
	at java.base/jdk.internal.reflect.NativeMethodAccessorImpl.invoke0(Native Method)
	at java.base/jdk.internal.reflect.NativeMethodAccessorImpl.invoke(NativeMethodAccessorImpl.java:77)
	at java.base/jdk.internal.reflect.DelegatingMethodAccessorImpl.invoke(DelegatingMethodAccessorImpl.java:43)
	at java.base/java.lang.reflect.Method.invoke(Method.java:568)
	at org.testng.internal.invokers.MethodInvocationHelper.invokeMethod(MethodInvocationHelper.java:139)
	at org.testng.internal.invokers.TestInvoker.invokeMethod(TestInvoker.java:664)
	at org.testng.internal.invokers.TestInvoker.invokeTestMethod(TestInvoker.java:227)
	at org.testng.internal.invokers.TestMethodWithDataProviderMethodWorker.call(TestMethodWithDataProviderMethodWorker.java:80)
	at org.testng.internal.invokers.TestMethodWithDataProviderMethodWorker.call(TestMethodWithDataProviderMethodWorker.java:17)
	at java.base/java.util.concurrent.FutureTask.run(FutureTask.java:264)
	at java.base/java.util.concurrent.Executors$RunnableAdapter.call(Executors.java:539)
	at java.base/java.util.concurrent.FutureTask.run(FutureTask.java:264)
	at java.base/java.util.concurrent.ThreadPoolExecutor.runWorker(ThreadPoolExecutor.java:1136)
	at java.base/java.util.concurrent.ThreadPoolExecutor$Worker.run(ThreadPoolExecutor.java:635)
	at java.base/java.lang.Thread.run(Thread.java:842)
]]></failure>
    <system-out><![CDATA[
@TC1_Alternative @Shop @Jackets
Scenario Outline: Test Case 1 Alternative - Find Jackets with different categories # src/test/resources/features/warriors_tests.feature:42

@TC1_Alternative @Shop @Jackets
Scenario Outline: Test Case 1 Alternative - Find Jackets with different categories # src/test/resources/features/warriors_tests.feature:40

@TC1_Alternative @Shop @Jackets
Scenario Outline: Test Case 1 Alternative - Find Jackets with different categories # src/test/resources/features/warriors_tests.feature:41

@TC1 @Shop @Jackets
Scenario: Test Case 1 - Find all Jackets from Shop Menu # src/test/resources/features/warriors_tests.feature:10

@TC2 @NewFeatures @Videos
Scenario: Test Case 2 - Count Video Feeds in New & Features # src/test/resources/features/warriors_tests.feature:20

@TC2_Alternative @NewFeatures @Videos
Scenario Outline: Test Case 2 Alternative - Count Videos with different time periods # src/test/resources/features/warriors_tests.feature:56

@TC2_Alternative @NewFeatures @Videos
Scenario Outline: Test Case 2 Alternative - Count Videos with different time periods # src/test/resources/features/warriors_tests.feature:58

@TC2_Alternative @NewFeatures @Videos
Scenario Outline: Test Case 2 Alternative - Count Videos with different time periods # src/test/resources/features/warriors_tests.feature:57
ERROR StatusConsoleListener Could not create plugin of type class org.apache.logging.log4j.core.appender.RollingFileAppender for element RollingFile
 org.apache.logging.log4j.core.config.ConfigurationException: Configuration has multiple incompatible Appenders pointing to the same resource './test-output/logs/automation.log'
	at org.apache.logging.log4j.core.appender.AbstractManager.narrow(AbstractManager.java:200)
	at org.apache.logging.log4j.core.appender.rolling.RollingFileManager.getFileManager(RollingFileManager.java:217)
	at org.apache.logging.log4j.core.appender.RollingFileAppender$Builder.build(RollingFileAppender.java:135)
	at org.apache.logging.log4j.core.appender.RollingFileAppender$Builder.build(RollingFileAppender.java:62)
	at org.apache.logging.log4j.core.config.plugins.util.PluginBuilder.build(PluginBuilder.java:124)
	at org.apache.logging.log4j.core.config.AbstractConfiguration.createPluginObject(AbstractConfiguration.java:1138)
	at org.apache.logging.log4j.core.config.AbstractConfiguration.createConfiguration(AbstractConfiguration.java:1063)
	at org.apache.logging.log4j.core.config.AbstractConfiguration.createConfiguration(AbstractConfiguration.java:1055)
	at org.apache.logging.log4j.core.config.AbstractConfiguration.doConfigure(AbstractConfiguration.java:664)
	at org.apache.logging.log4j.core.config.AbstractConfiguration.initialize(AbstractConfiguration.java:258)
	at org.apache.logging.log4j.core.config.AbstractConfiguration.start(AbstractConfiguration.java:304)
	at org.apache.logging.log4j.core.LoggerContext.setConfiguration(LoggerContext.java:621)
	at org.apache.logging.log4j.core.LoggerContext.reconfigure(LoggerContext.java:694)
	at org.apache.logging.log4j.core.LoggerContext.reconfigure(LoggerContext.java:711)
	at org.apache.logging.log4j.core.LoggerContext.start(LoggerContext.java:253)
	at org.apache.logging.log4j.core.impl.Log4jContextFactory.getContext(Log4jContextFactory.java:155)
	at org.apache.logging.log4j.core.impl.Log4jContextFactory.getContext(Log4jContextFactory.java:47)
	at org.apache.logging.log4j.LogManager.getContext(LogManager.java:196)
	at org.apache.logging.log4j.LogManager.getLogger(LogManager.java:599)
	at com.nba.framework.hooks.CucumberHooks.<clinit>(CucumberHooks.java:14)
	at java.base/jdk.internal.reflect.NativeConstructorAccessorImpl.newInstance0(Native Method)
	at java.base/jdk.internal.reflect.NativeConstructorAccessorImpl.newInstance(NativeConstructorAccessorImpl.java:77)
	at java.base/jdk.internal.reflect.DelegatingConstructorAccessorImpl.newInstance(DelegatingConstructorAccessorImpl.java:45)
	at java.base/java.lang.reflect.Constructor.newInstanceWithCaller(Constructor.java:499)
	at java.base/java.lang.reflect.Constructor.newInstance(Constructor.java:480)
	at org.picocontainer.injectors.AbstractInjector.newInstance(AbstractInjector.java:145)
	at org.picocontainer.injectors.ConstructorInjector$1.run(ConstructorInjector.java:342)
	at org.picocontainer.injectors.AbstractInjector$ThreadLocalCyclicDependencyGuard.observe(AbstractInjector.java:270)
	at org.picocontainer.injectors.ConstructorInjector.getComponentInstance(ConstructorInjector.java:364)
	at org.picocontainer.injectors.AbstractInjectionFactory$LifecycleAdapter.getComponentInstance(AbstractInjectionFactory.java:56)
	at org.picocontainer.behaviors.AbstractBehavior.getComponentInstance(AbstractBehavior.java:64)
	at org.picocontainer.behaviors.Stored.getComponentInstance(Stored.java:91)
	at org.picocontainer.DefaultPicoContainer.getInstance(DefaultPicoContainer.java:699)
	at org.picocontainer.DefaultPicoContainer.getComponent(DefaultPicoContainer.java:647)
	at org.picocontainer.DefaultPicoContainer.getComponent(DefaultPicoContainer.java:678)
	at io.cucumber.picocontainer.PicoFactory.getInstance(PicoFactory.java:64)
	at io.cucumber.java.AbstractGlueDefinition.invokeMethod(AbstractGlueDefinition.java:47)
	at io.cucumber.java.JavaHookDefinition.execute(JavaHookDefinition.java:64)
	at io.cucumber.core.runner.CoreHookDefinition.execute(CoreHookDefinition.java:46)
	at io.cucumber.core.runner.HookDefinitionMatch.runStep(HookDefinitionMatch.java:21)
	at io.cucumber.core.runner.ExecutionMode$1.execute(ExecutionMode.java:10)
	at io.cucumber.core.runner.TestStep.executeStep(TestStep.java:84)
	at io.cucumber.core.runner.TestStep.run(TestStep.java:56)
	at io.cucumber.core.runner.TestCase.run(TestCase.java:78)
	at io.cucumber.core.runner.Runner.runPickle(Runner.java:75)
	at io.cucumber.testng.TestNGCucumberRunner.lambda$runScenario$1(TestNGCucumberRunner.java:132)
	at io.cucumber.core.runtime.CucumberExecutionContext.lambda$runTestCase$5(CucumberExecutionContext.java:137)
	at io.cucumber.core.runtime.RethrowingThrowableCollector.executeAndThrow(RethrowingThrowableCollector.java:23)
	at io.cucumber.core.runtime.CucumberExecutionContext.runTestCase(CucumberExecutionContext.java:137)
	at io.cucumber.testng.TestNGCucumberRunner.runScenario(TestNGCucumberRunner.java:129)
	at io.cucumber.testng.AbstractTestNGCucumberTests.runScenario(AbstractTestNGCucumberTests.java:35)
	at java.base/jdk.internal.reflect.NativeMethodAccessorImpl.invoke0(Native Method)
	at java.base/jdk.internal.reflect.NativeMethodAccessorImpl.invoke(NativeMethodAccessorImpl.java:77)
	at java.base/jdk.internal.reflect.DelegatingMethodAccessorImpl.invoke(DelegatingMethodAccessorImpl.java:43)
	at java.base/java.lang.reflect.Method.invoke(Method.java:568)
	at org.testng.internal.invokers.MethodInvocationHelper.invokeMethod(MethodInvocationHelper.java:139)
	at org.testng.internal.invokers.TestInvoker.invokeMethod(TestInvoker.java:664)
	at org.testng.internal.invokers.TestInvoker.invokeTestMethod(TestInvoker.java:227)
	at org.testng.internal.invokers.TestMethodWithDataProviderMethodWorker.call(TestMethodWithDataProviderMethodWorker.java:80)
	at org.testng.internal.invokers.TestMethodWithDataProviderMethodWorker.call(TestMethodWithDataProviderMethodWorker.java:17)
	at java.base/java.util.concurrent.FutureTask.run(FutureTask.java:264)
	at java.base/java.util.concurrent.Executors$RunnableAdapter.call(Executors.java:539)
	at java.base/java.util.concurrent.FutureTask.run(FutureTask.java:264)
	at java.base/java.util.concurrent.ThreadPoolExecutor.runWorker(ThreadPoolExecutor.java:1136)
	at java.base/java.util.concurrent.ThreadPoolExecutor$Worker.run(ThreadPoolExecutor.java:635)
	at java.base/java.lang.Thread.run(Thread.java:842)
ERROR StatusConsoleListener Null object returned for RollingFile in Appenders.
ERROR StatusConsoleListener Unable to locate appender "RollingFileAppender" for logger config "root"
ERROR StatusConsoleListener Unable to locate appender "RollingFileAppender" for logger config "io.github.bonigarcia.wdm"
ERROR StatusConsoleListener Unable to locate appender "RollingFileAppender" for logger config "com.nba.framework"
ERROR StatusConsoleListener Unable to locate appender "RollingFileAppender" for logger config "org.openqa.selenium"
16:53:57.062 [TestNG-PoolService-3] INFO  com.nba.framework.config.ConfigManager - Configuration loaded from config.properties
16:53:57.063 [TestNG-PoolService-3] INFO  com.nba.framework.hooks.CucumberHooks - Starting scenario: Test Case 1 Alternative - Find Jackets with different categories
16:53:57.063 [TestNG-PoolService-5] INFO  com.nba.framework.hooks.CucumberHooks - Starting scenario: Test Case 2 Alternative - Count Videos with different time periods
16:53:57.063 [TestNG-PoolService-7] INFO  com.nba.framework.hooks.CucumberHooks - Starting scenario: Test Case 2 Alternative - Count Videos with different time periods
16:53:57.063 [TestNG-PoolService-6] INFO  com.nba.framework.hooks.CucumberHooks - Starting scenario: Test Case 2 Alternative - Count Videos with different time periods
16:53:57.063 [TestNG-PoolService-4] INFO  com.nba.framework.hooks.CucumberHooks - Starting scenario: Test Case 1 Alternative - Find Jackets with different categories
16:53:57.063 [TestNG-PoolService-2] INFO  com.nba.framework.hooks.CucumberHooks - Starting scenario: Test Case 1 Alternative - Find Jackets with different categories
16:53:57.063 [TestNG-PoolService-1] INFO  com.nba.framework.hooks.CucumberHooks - Starting scenario: Test Case 2 - Count Video Feeds in New & Features
16:53:57.063 [TestNG-PoolService-0] INFO  com.nba.framework.hooks.CucumberHooks - Starting scenario: Test Case 1 - Find all Jackets from Shop Menu
=== DriverUtils.createChromeDriver() START ===
=== DriverUtils.createChromeDriver() START ===
=== DriverUtils.createChromeDriver() called ===
=== DriverUtils.createChromeDriver() START ===
=== DriverUtils.createChromeDriver() START ===
=== DriverUtils.createChromeDriver() START ===
=== DriverUtils.createChromeDriver() START ===
=== DriverUtils.createChromeDriver() called ===
=== DriverUtils.createChromeDriver() called ===
=== DriverUtils.createChromeDriver() called ===
=== DriverUtils.createChromeDriver() called ===
=== DriverUtils.createChromeDriver() called ===
=== DriverUtils.createChromeDriver() START ===
=== DriverUtils.createChromeDriver() START ===
=== DriverUtils.createChromeDriver() called ===
=== DriverUtils.createChromeDriver() called ===
16:53:57.065 [TestNG-PoolService-7] INFO  com.nba.framework.driver.DriverUtils - Attempting to create ChromeDriver with OFFLINE ONLY strategy
16:53:57.064 [TestNG-PoolService-3] INFO  com.nba.framework.driver.DriverUtils - Attempting to create ChromeDriver with OFFLINE ONLY strategy
16:53:57.065 [TestNG-PoolService-6] INFO  com.nba.framework.driver.DriverUtils - Attempting to create ChromeDriver with OFFLINE ONLY strategy
16:53:57.065 [TestNG-PoolService-0] INFO  com.nba.framework.driver.DriverUtils - Attempting to create ChromeDriver with OFFLINE ONLY strategy
16:53:57.065 [TestNG-PoolService-2] INFO  com.nba.framework.driver.DriverUtils - Attempting to create ChromeDriver with OFFLINE ONLY strategy
16:53:57.065 [TestNG-PoolService-0] INFO  com.nba.framework.driver.DriverUtils - Strategy 1: Searching for ChromeDriver in common locations...
16:53:57.065 [TestNG-PoolService-5] INFO  com.nba.framework.driver.DriverUtils - Attempting to create ChromeDriver with OFFLINE ONLY strategy
16:53:57.065 [TestNG-PoolService-3] INFO  com.nba.framework.driver.DriverUtils - Strategy 1: Searching for ChromeDriver in common locations...
16:53:57.065 [TestNG-PoolService-5] INFO  com.nba.framework.driver.DriverUtils - Strategy 1: Searching for ChromeDriver in common locations...
16:53:57.065 [TestNG-PoolService-7] INFO  com.nba.framework.driver.DriverUtils - Strategy 1: Searching for ChromeDriver in common locations...
16:53:57.065 [TestNG-PoolService-3] INFO  com.nba.framework.driver.DriverUtils - Current working directory: /Volumes/Amdocs/Workspace/nba-automation-framework 2/core-product-tests
16:53:57.065 [TestNG-PoolService-1] INFO  com.nba.framework.driver.DriverUtils - Attempting to create ChromeDriver with OFFLINE ONLY strategy
16:53:57.065 [TestNG-PoolService-2] INFO  com.nba.framework.driver.DriverUtils - Strategy 1: Searching for ChromeDriver in common locations...
16:53:57.065 [TestNG-PoolService-4] INFO  com.nba.framework.driver.DriverUtils - Attempting to create ChromeDriver with OFFLINE ONLY strategy
16:53:57.065 [TestNG-PoolService-1] INFO  com.nba.framework.driver.DriverUtils - Strategy 1: Searching for ChromeDriver in common locations...
16:53:57.065 [TestNG-PoolService-4] INFO  com.nba.framework.driver.DriverUtils - Strategy 1: Searching for ChromeDriver in common locations...
16:53:57.065 [TestNG-PoolService-3] INFO  com.nba.framework.driver.DriverUtils - Searching for drivers in 13 common locations
16:53:57.065 [TestNG-PoolService-1] INFO  com.nba.framework.driver.DriverUtils - Current working directory: /Volumes/Amdocs/Workspace/nba-automation-framework 2/core-product-tests
16:53:57.065 [TestNG-PoolService-6] INFO  com.nba.framework.driver.DriverUtils - Strategy 1: Searching for ChromeDriver in common locations...
16:53:57.065 [TestNG-PoolService-1] INFO  com.nba.framework.driver.DriverUtils - Searching for drivers in 13 common locations
16:53:57.065 [TestNG-PoolService-5] INFO  com.nba.framework.driver.DriverUtils - Current working directory: /Volumes/Amdocs/Workspace/nba-automation-framework 2/core-product-tests
16:53:57.065 [TestNG-PoolService-0] INFO  com.nba.framework.driver.DriverUtils - Current working directory: /Volumes/Amdocs/Workspace/nba-automation-framework 2/core-product-tests
16:53:57.065 [TestNG-PoolService-3] INFO  com.nba.framework.driver.DriverUtils - Driver names to search: [chromedriver, chromedriver.exe, chrome-driver, chrome-driver.exe]
16:53:57.065 [TestNG-PoolService-0] INFO  com.nba.framework.driver.DriverUtils - Searching for drivers in 13 common locations
16:53:57.065 [TestNG-PoolService-3] INFO  com.nba.framework.driver.DriverUtils - Checking path: ./drivers/chromedriver-mac-arm64/
16:53:57.065 [TestNG-PoolService-2] INFO  com.nba.framework.driver.DriverUtils - Current working directory: /Volumes/Amdocs/Workspace/nba-automation-framework 2/core-product-tests
16:53:57.065 [TestNG-PoolService-0] INFO  com.nba.framework.driver.DriverUtils - Driver names to search: [chromedriver, chromedriver.exe, chrome-driver, chrome-driver.exe]
16:53:57.066 [TestNG-PoolService-3] INFO  com.nba.framework.driver.DriverUtils -   Checking: ./drivers/chromedriver-mac-arm64/chromedriver
16:53:57.066 [TestNG-PoolService-0] INFO  com.nba.framework.driver.DriverUtils - Checking path: ./drivers/chromedriver-mac-arm64/
16:53:57.065 [TestNG-PoolService-4] INFO  com.nba.framework.driver.DriverUtils - Current working directory: /Volumes/Amdocs/Workspace/nba-automation-framework 2/core-product-tests
16:53:57.066 [TestNG-PoolService-6] INFO  com.nba.framework.driver.DriverUtils - Current working directory: /Volumes/Amdocs/Workspace/nba-automation-framework 2/core-product-tests
16:53:57.066 [TestNG-PoolService-1] INFO  com.nba.framework.driver.DriverUtils - Driver names to search: [chromedriver, chromedriver.exe, chrome-driver, chrome-driver.exe]
16:53:57.066 [TestNG-PoolService-4] INFO  com.nba.framework.driver.DriverUtils - Searching for drivers in 13 common locations
16:53:57.066 [TestNG-PoolService-1] INFO  com.nba.framework.driver.DriverUtils - Checking path: ./drivers/chromedriver-mac-arm64/
16:53:57.066 [TestNG-PoolService-2] INFO  com.nba.framework.driver.DriverUtils - Searching for drivers in 13 common locations
16:53:57.065 [TestNG-PoolService-5] INFO  com.nba.framework.driver.DriverUtils - Searching for drivers in 13 common locations
16:53:57.066 [TestNG-PoolService-2] INFO  com.nba.framework.driver.DriverUtils - Driver names to search: [chromedriver, chromedriver.exe, chrome-driver, chrome-driver.exe]
16:53:57.065 [TestNG-PoolService-7] INFO  com.nba.framework.driver.DriverUtils - Current working directory: /Volumes/Amdocs/Workspace/nba-automation-framework 2/core-product-tests
16:53:57.066 [TestNG-PoolService-5] INFO  com.nba.framework.driver.DriverUtils - Driver names to search: [chromedriver, chromedriver.exe, chrome-driver, chrome-driver.exe]
16:53:57.066 [TestNG-PoolService-7] INFO  com.nba.framework.driver.DriverUtils - Searching for drivers in 13 common locations
16:53:57.066 [TestNG-PoolService-1] INFO  com.nba.framework.driver.DriverUtils -   Checking: ./drivers/chromedriver-mac-arm64/chromedriver
16:53:57.066 [TestNG-PoolService-3] INFO  com.nba.framework.driver.DriverUtils -   Checking: ./drivers/chromedriver-mac-arm64/chromedriver.exe
16:53:57.066 [TestNG-PoolService-0] INFO  com.nba.framework.driver.DriverUtils -   Checking: ./drivers/chromedriver-mac-arm64/chromedriver
16:53:57.066 [TestNG-PoolService-4] INFO  com.nba.framework.driver.DriverUtils - Driver names to search: [chromedriver, chromedriver.exe, chrome-driver, chrome-driver.exe]
16:53:57.066 [TestNG-PoolService-7] INFO  com.nba.framework.driver.DriverUtils - Driver names to search: [chromedriver, chromedriver.exe, chrome-driver, chrome-driver.exe]
16:53:57.066 [TestNG-PoolService-2] INFO  com.nba.framework.driver.DriverUtils - Checking path: ./drivers/chromedriver-mac-arm64/
16:53:57.066 [TestNG-PoolService-4] INFO  com.nba.framework.driver.DriverUtils - Checking path: ./drivers/chromedriver-mac-arm64/
16:53:57.066 [TestNG-PoolService-5] INFO  com.nba.framework.driver.DriverUtils - Checking path: ./drivers/chromedriver-mac-arm64/
16:53:57.066 [TestNG-PoolService-7] INFO  com.nba.framework.driver.DriverUtils - Checking path: ./drivers/chromedriver-mac-arm64/
16:53:57.066 [TestNG-PoolService-0] INFO  com.nba.framework.driver.DriverUtils -   Checking: ./drivers/chromedriver-mac-arm64/chromedriver.exe
16:53:57.066 [TestNG-PoolService-7] INFO  com.nba.framework.driver.DriverUtils -   Checking: ./drivers/chromedriver-mac-arm64/chromedriver
16:53:57.066 [TestNG-PoolService-3] INFO  com.nba.framework.driver.DriverUtils -   Checking: ./drivers/chromedriver-mac-arm64/chrome-driver
16:53:57.066 [TestNG-PoolService-7] INFO  com.nba.framework.driver.DriverUtils -   Checking: ./drivers/chromedriver-mac-arm64/chromedriver.exe
16:53:57.066 [TestNG-PoolService-1] INFO  com.nba.framework.driver.DriverUtils -   Checking: ./drivers/chromedriver-mac-arm64/chromedriver.exe
16:53:57.066 [TestNG-PoolService-7] INFO  com.nba.framework.driver.DriverUtils -   Checking: ./drivers/chromedriver-mac-arm64/chrome-driver
16:53:57.066 [TestNG-PoolService-6] INFO  com.nba.framework.driver.DriverUtils - Searching for drivers in 13 common locations
16:53:57.067 [TestNG-PoolService-1] INFO  com.nba.framework.driver.DriverUtils -   Checking: ./drivers/chromedriver-mac-arm64/chrome-driver
16:53:57.067 [TestNG-PoolService-7] INFO  com.nba.framework.driver.DriverUtils -   Checking: ./drivers/chromedriver-mac-arm64/chrome-driver.exe
16:53:57.067 [TestNG-PoolService-6] INFO  com.nba.framework.driver.DriverUtils - Driver names to search: [chromedriver, chromedriver.exe, chrome-driver, chrome-driver.exe]
16:53:57.066 [TestNG-PoolService-3] INFO  com.nba.framework.driver.DriverUtils -   Checking: ./drivers/chromedriver-mac-arm64/chrome-driver.exe
16:53:57.066 [TestNG-PoolService-0] INFO  com.nba.framework.driver.DriverUtils -   Checking: ./drivers/chromedriver-mac-arm64/chrome-driver
16:53:57.066 [TestNG-PoolService-5] INFO  com.nba.framework.driver.DriverUtils -   Checking: ./drivers/chromedriver-mac-arm64/chromedriver
16:53:57.066 [TestNG-PoolService-2] INFO  com.nba.framework.driver.DriverUtils -   Checking: ./drivers/chromedriver-mac-arm64/chromedriver
16:53:57.066 [TestNG-PoolService-4] INFO  com.nba.framework.driver.DriverUtils -   Checking: ./drivers/chromedriver-mac-arm64/chromedriver
16:53:57.067 [TestNG-PoolService-5] INFO  com.nba.framework.driver.DriverUtils -   Checking: ./drivers/chromedriver-mac-arm64/chromedriver.exe
16:53:57.067 [TestNG-PoolService-2] INFO  com.nba.framework.driver.DriverUtils -   Checking: ./drivers/chromedriver-mac-arm64/chromedriver.exe
16:53:57.067 [TestNG-PoolService-0] INFO  com.nba.framework.driver.DriverUtils -   Checking: ./drivers/chromedriver-mac-arm64/chrome-driver.exe
16:53:57.067 [TestNG-PoolService-2] INFO  com.nba.framework.driver.DriverUtils -   Checking: ./drivers/chromedriver-mac-arm64/chrome-driver
16:53:57.067 [TestNG-PoolService-3] INFO  com.nba.framework.driver.DriverUtils - Checking path: ../drivers/chromedriver-mac-arm64/
16:53:57.067 [TestNG-PoolService-6] INFO  com.nba.framework.driver.DriverUtils - Checking path: ./drivers/chromedriver-mac-arm64/
16:53:57.067 [TestNG-PoolService-1] INFO  com.nba.framework.driver.DriverUtils -   Checking: ./drivers/chromedriver-mac-arm64/chrome-driver.exe
16:53:57.067 [TestNG-PoolService-3] INFO  com.nba.framework.driver.DriverUtils -   Checking: ../drivers/chromedriver-mac-arm64/chromedriver
16:53:57.067 [TestNG-PoolService-6] INFO  com.nba.framework.driver.DriverUtils -   Checking: ./drivers/chromedriver-mac-arm64/chromedriver
16:53:57.067 [TestNG-PoolService-2] INFO  com.nba.framework.driver.DriverUtils -   Checking: ./drivers/chromedriver-mac-arm64/chrome-driver.exe
16:53:57.067 [TestNG-PoolService-0] INFO  com.nba.framework.driver.DriverUtils - Checking path: ../drivers/chromedriver-mac-arm64/
16:53:57.067 [TestNG-PoolService-5] INFO  com.nba.framework.driver.DriverUtils -   Checking: ./drivers/chromedriver-mac-arm64/chrome-driver
16:53:57.067 [TestNG-PoolService-2] INFO  com.nba.framework.driver.DriverUtils - Checking path: ../drivers/chromedriver-mac-arm64/
16:53:57.067 [TestNG-PoolService-3] INFO  com.nba.framework.driver.DriverUtils - Found driver: ../drivers/chromedriver-mac-arm64/chromedriver
16:53:57.067 [TestNG-PoolService-4] INFO  com.nba.framework.driver.DriverUtils -   Checking: ./drivers/chromedriver-mac-arm64/chromedriver.exe
16:53:57.067 [TestNG-PoolService-2] INFO  com.nba.framework.driver.DriverUtils -   Checking: ../drivers/chromedriver-mac-arm64/chromedriver
16:53:57.067 [TestNG-PoolService-3] INFO  com.nba.framework.driver.DriverUtils - Driver search result: ../drivers/chromedriver-mac-arm64/chromedriver
16:53:57.067 [TestNG-PoolService-0] INFO  com.nba.framework.driver.DriverUtils -   Checking: ../drivers/chromedriver-mac-arm64/chromedriver
16:53:57.067 [TestNG-PoolService-3] INFO  com.nba.framework.driver.DriverUtils - Strategy 1: Attempting driver from project location: ../drivers/chromedriver-mac-arm64/chromedriver
16:53:57.067 [TestNG-PoolService-1] INFO  com.nba.framework.driver.DriverUtils - Checking path: ../drivers/chromedriver-mac-arm64/
16:53:57.067 [TestNG-PoolService-6] INFO  com.nba.framework.driver.DriverUtils -   Checking: ./drivers/chromedriver-mac-arm64/chromedriver.exe
16:53:57.067 [TestNG-PoolService-7] INFO  com.nba.framework.driver.DriverUtils - Checking path: ../drivers/chromedriver-mac-arm64/
16:53:57.067 [TestNG-PoolService-0] INFO  com.nba.framework.driver.DriverUtils - Found driver: ../drivers/chromedriver-mac-arm64/chromedriver
16:53:57.068 [TestNG-PoolService-6] INFO  com.nba.framework.driver.DriverUtils -   Checking: ./drivers/chromedriver-mac-arm64/chrome-driver
16:53:57.067 [TestNG-PoolService-5] INFO  com.nba.framework.driver.DriverUtils -   Checking: ./drivers/chromedriver-mac-arm64/chrome-driver.exe
16:53:57.068 [TestNG-PoolService-7] INFO  com.nba.framework.driver.DriverUtils -   Checking: ../drivers/chromedriver-mac-arm64/chromedriver
16:53:57.067 [TestNG-PoolService-2] INFO  com.nba.framework.driver.DriverUtils - Found driver: ../drivers/chromedriver-mac-arm64/chromedriver
16:53:57.068 [TestNG-PoolService-6] INFO  com.nba.framework.driver.DriverUtils -   Checking: ./drivers/chromedriver-mac-arm64/chrome-driver.exe
16:53:57.068 [TestNG-PoolService-2] INFO  com.nba.framework.driver.DriverUtils - Driver search result: ../drivers/chromedriver-mac-arm64/chromedriver
16:53:57.068 [TestNG-PoolService-5] INFO  com.nba.framework.driver.DriverUtils - Checking path: ../drivers/chromedriver-mac-arm64/
16:53:57.068 [TestNG-PoolService-1] INFO  com.nba.framework.driver.DriverUtils -   Checking: ../drivers/chromedriver-mac-arm64/chromedriver
16:53:57.068 [TestNG-PoolService-7] INFO  com.nba.framework.driver.DriverUtils - Found driver: ../drivers/chromedriver-mac-arm64/chromedriver
16:53:57.068 [TestNG-PoolService-0] INFO  com.nba.framework.driver.DriverUtils - Driver search result: ../drivers/chromedriver-mac-arm64/chromedriver
16:53:57.068 [TestNG-PoolService-5] INFO  com.nba.framework.driver.DriverUtils -   Checking: ../drivers/chromedriver-mac-arm64/chromedriver
16:53:57.068 [TestNG-PoolService-4] INFO  com.nba.framework.driver.DriverUtils -   Checking: ./drivers/chromedriver-mac-arm64/chrome-driver
16:53:57.068 [TestNG-PoolService-6] INFO  com.nba.framework.driver.DriverUtils - Checking path: ../drivers/chromedriver-mac-arm64/
16:53:57.068 [TestNG-PoolService-2] INFO  com.nba.framework.driver.DriverUtils - Strategy 1: Attempting driver from project location: ../drivers/chromedriver-mac-arm64/chromedriver
16:53:57.068 [TestNG-PoolService-5] INFO  com.nba.framework.driver.DriverUtils - Found driver: ../drivers/chromedriver-mac-arm64/chromedriver
16:53:57.068 [TestNG-PoolService-6] INFO  com.nba.framework.driver.DriverUtils -   Checking: ../drivers/chromedriver-mac-arm64/chromedriver
16:53:57.068 [TestNG-PoolService-7] INFO  com.nba.framework.driver.DriverUtils - Driver search result: ../drivers/chromedriver-mac-arm64/chromedriver
16:53:57.068 [TestNG-PoolService-1] INFO  com.nba.framework.driver.DriverUtils - Found driver: ../drivers/chromedriver-mac-arm64/chromedriver
16:53:57.068 [TestNG-PoolService-7] INFO  com.nba.framework.driver.DriverUtils - Strategy 1: Attempting driver from project location: ../drivers/chromedriver-mac-arm64/chromedriver
16:53:57.069 [TestNG-PoolService-1] INFO  com.nba.framework.driver.DriverUtils - Driver search result: ../drivers/chromedriver-mac-arm64/chromedriver
16:53:57.068 [TestNG-PoolService-6] INFO  com.nba.framework.driver.DriverUtils - Found driver: ../drivers/chromedriver-mac-arm64/chromedriver
16:53:57.068 [TestNG-PoolService-4] INFO  com.nba.framework.driver.DriverUtils -   Checking: ./drivers/chromedriver-mac-arm64/chrome-driver.exe
16:53:57.069 [TestNG-PoolService-5] INFO  com.nba.framework.driver.DriverUtils - Driver search result: ../drivers/chromedriver-mac-arm64/chromedriver
16:53:57.069 [TestNG-PoolService-0] INFO  com.nba.framework.driver.DriverUtils - Strategy 1: Attempting driver from project location: ../drivers/chromedriver-mac-arm64/chromedriver
16:53:57.069 [TestNG-PoolService-6] INFO  com.nba.framework.driver.DriverUtils - Driver search result: ../drivers/chromedriver-mac-arm64/chromedriver
16:53:57.069 [TestNG-PoolService-5] INFO  com.nba.framework.driver.DriverUtils - Strategy 1: Attempting driver from project location: ../drivers/chromedriver-mac-arm64/chromedriver
16:53:57.069 [TestNG-PoolService-4] INFO  com.nba.framework.driver.DriverUtils - Checking path: ../drivers/chromedriver-mac-arm64/
16:53:57.069 [TestNG-PoolService-6] INFO  com.nba.framework.driver.DriverUtils - Strategy 1: Attempting driver from project location: ../drivers/chromedriver-mac-arm64/chromedriver
16:53:57.069 [TestNG-PoolService-1] INFO  com.nba.framework.driver.DriverUtils - Strategy 1: Attempting driver from project location: ../drivers/chromedriver-mac-arm64/chromedriver
16:53:57.069 [TestNG-PoolService-4] INFO  com.nba.framework.driver.DriverUtils -   Checking: ../drivers/chromedriver-mac-arm64/chromedriver
16:53:57.069 [TestNG-PoolService-4] INFO  com.nba.framework.driver.DriverUtils - Found driver: ../drivers/chromedriver-mac-arm64/chromedriver
16:53:57.069 [TestNG-PoolService-4] INFO  com.nba.framework.driver.DriverUtils - Driver search result: ../drivers/chromedriver-mac-arm64/chromedriver
16:53:57.069 [TestNG-PoolService-4] INFO  com.nba.framework.driver.DriverUtils - Strategy 1: Attempting driver from project location: ../drivers/chromedriver-mac-arm64/chromedriver
16:53:59.230 [TestNG-PoolService-2] WARN  com.nba.framework.driver.StealthUtils - Failed to apply some stealth techniques: javascript error: Cannot redefine property: webdriver
  (Session info: chrome=141.0.7390.123)
Build info: version: '4.15.0', revision: '1d14b5521b'
System info: os.name: 'Mac OS X', os.arch: 'aarch64', os.version: '15.7.1', java.version: '17.0.12'
Driver info: org.openqa.selenium.chrome.ChromeDriver
Command: [7ae851e1055caf5af44a912c6c48e308, executeScript {script=Object.defineProperty(navigator, 'webdriver', {get: () => undefined}), args=[]}]
Capabilities {acceptInsecureCerts: false, browserName: chrome, browserVersion: 141.0.7390.123, chrome: {chromedriverVersion: 141.0.7390.122 (b477534e7e1..., userDataDir: /tmp/chrome-test-profile-17...}, fedcm:accounts: true, goog:chromeOptions: {debuggerAddress: localhost:50914}, networkConnectionEnabled: false, pageLoadStrategy: normal, platformName: mac, proxy: Proxy(), se:cdp: ws://localhost:50914/devtoo..., se:cdpVersion: 141.0.7390.123, setWindowRect: true, strictFileInteractability: false, timeouts: {implicit: 0, pageLoad: 300000, script: 30000}, unhandledPromptBehavior: dismiss and notify, webauthn:extension:credBlob: true, webauthn:extension:largeBlob: true, webauthn:extension:minPinLength: true, webauthn:extension:prf: true, webauthn:virtualAuthenticators: true}
Session ID: 7ae851e1055caf5af44a912c6c48e308
16:53:59.230 [TestNG-PoolService-6] WARN  com.nba.framework.driver.StealthUtils - Failed to apply some stealth techniques: javascript error: Cannot redefine property: webdriver
  (Session info: chrome=141.0.7390.123)
Build info: version: '4.15.0', revision: '1d14b5521b'
System info: os.name: 'Mac OS X', os.arch: 'aarch64', os.version: '15.7.1', java.version: '17.0.12'
Driver info: org.openqa.selenium.chrome.ChromeDriver
Command: [c564b7af85bae002da20d0d3543805bf, executeScript {script=Object.defineProperty(navigator, 'webdriver', {get: () => undefined}), args=[]}]
Capabilities {acceptInsecureCerts: false, browserName: chrome, browserVersion: 141.0.7390.123, chrome: {chromedriverVersion: 141.0.7390.122 (b477534e7e1..., userDataDir: /tmp/chrome-test-profile-17...}, fedcm:accounts: true, goog:chromeOptions: {debuggerAddress: localhost:50914}, networkConnectionEnabled: false, pageLoadStrategy: normal, platformName: mac, proxy: Proxy(), se:cdp: ws://localhost:50914/devtoo..., se:cdpVersion: 141.0.7390.123, setWindowRect: true, strictFileInteractability: false, timeouts: {implicit: 0, pageLoad: 300000, script: 30000}, unhandledPromptBehavior: dismiss and notify, webauthn:extension:credBlob: true, webauthn:extension:largeBlob: true, webauthn:extension:minPinLength: true, webauthn:extension:prf: true, webauthn:virtualAuthenticators: true}
Session ID: c564b7af85bae002da20d0d3543805bf
16:53:59.230 [TestNG-PoolService-1] WARN  com.nba.framework.driver.StealthUtils - Failed to apply some stealth techniques: javascript error: Cannot redefine property: webdriver
  (Session info: chrome=141.0.7390.123)
Build info: version: '4.15.0', revision: '1d14b5521b'
System info: os.name: 'Mac OS X', os.arch: 'aarch64', os.version: '15.7.1', java.version: '17.0.12'
Driver info: org.openqa.selenium.chrome.ChromeDriver
Command: [c05a533026e6815bfdb95e6d594ff4d3, executeScript {script=Object.defineProperty(navigator, 'webdriver', {get: () => undefined}), args=[]}]
Capabilities {acceptInsecureCerts: false, browserName: chrome, browserVersion: 141.0.7390.123, chrome: {chromedriverVersion: 141.0.7390.122 (b477534e7e1..., userDataDir: /tmp/chrome-test-profile-17...}, fedcm:accounts: true, goog:chromeOptions: {debuggerAddress: localhost:50914}, networkConnectionEnabled: false, pageLoadStrategy: normal, platformName: mac, proxy: Proxy(), se:cdp: ws://localhost:50914/devtoo..., se:cdpVersion: 141.0.7390.123, setWindowRect: true, strictFileInteractability: false, timeouts: {implicit: 0, pageLoad: 300000, script: 30000}, unhandledPromptBehavior: dismiss and notify, webauthn:extension:credBlob: true, webauthn:extension:largeBlob: true, webauthn:extension:minPinLength: true, webauthn:extension:prf: true, webauthn:virtualAuthenticators: true}
Session ID: c05a533026e6815bfdb95e6d594ff4d3
16:53:59.230 [TestNG-PoolService-0] WARN  com.nba.framework.driver.StealthUtils - Failed to apply some stealth techniques: javascript error: Cannot redefine property: webdriver
  (Session info: chrome=141.0.7390.123)
Build info: version: '4.15.0', revision: '1d14b5521b'
System info: os.name: 'Mac OS X', os.arch: 'aarch64', os.version: '15.7.1', java.version: '17.0.12'
Driver info: org.openqa.selenium.chrome.ChromeDriver
Command: [978ee4e527567705a8a50639f853bb3f, executeScript {script=Object.defineProperty(navigator, 'webdriver', {get: () => undefined}), args=[]}]
Capabilities {acceptInsecureCerts: false, browserName: chrome, browserVersion: 141.0.7390.123, chrome: {chromedriverVersion: 141.0.7390.122 (b477534e7e1..., userDataDir: /tmp/chrome-test-profile-17...}, fedcm:accounts: true, goog:chromeOptions: {debuggerAddress: localhost:50914}, networkConnectionEnabled: false, pageLoadStrategy: normal, platformName: mac, proxy: Proxy(), se:cdp: ws://localhost:50914/devtoo..., se:cdpVersion: 141.0.7390.123, setWindowRect: true, strictFileInteractability: false, timeouts: {implicit: 0, pageLoad: 300000, script: 30000}, unhandledPromptBehavior: dismiss and notify, webauthn:extension:credBlob: true, webauthn:extension:largeBlob: true, webauthn:extension:minPinLength: true, webauthn:extension:prf: true, webauthn:virtualAuthenticators: true}
Session ID: 978ee4e527567705a8a50639f853bb3f
16:53:59.230 [TestNG-PoolService-3] WARN  com.nba.framework.driver.StealthUtils - Failed to apply some stealth techniques: javascript error: Cannot redefine property: webdriver
  (Session info: chrome=141.0.7390.123)
Build info: version: '4.15.0', revision: '1d14b5521b'
System info: os.name: 'Mac OS X', os.arch: 'aarch64', os.version: '15.7.1', java.version: '17.0.12'
Driver info: org.openqa.selenium.chrome.ChromeDriver
Command: [71779f471753024a1d392c92c8b993a2, executeScript {script=Object.defineProperty(navigator, 'webdriver', {get: () => undefined}), args=[]}]
Capabilities {acceptInsecureCerts: false, browserName: chrome, browserVersion: 141.0.7390.123, chrome: {chromedriverVersion: 141.0.7390.122 (b477534e7e1..., userDataDir: /tmp/chrome-test-profile-17...}, fedcm:accounts: true, goog:chromeOptions: {debuggerAddress: localhost:50914}, networkConnectionEnabled: false, pageLoadStrategy: normal, platformName: mac, proxy: Proxy(), se:cdp: ws://localhost:50914/devtoo..., se:cdpVersion: 141.0.7390.123, setWindowRect: true, strictFileInteractability: false, timeouts: {implicit: 0, pageLoad: 300000, script: 30000}, unhandledPromptBehavior: dismiss and notify, webauthn:extension:credBlob: true, webauthn:extension:largeBlob: true, webauthn:extension:minPinLength: true, webauthn:extension:prf: true, webauthn:virtualAuthenticators: true}
Session ID: 71779f471753024a1d392c92c8b993a2
16:53:59.230 [TestNG-PoolService-1] INFO  com.nba.framework.driver.DriverUtils - ✅ ChromeDriver created successfully from: ../drivers/chromedriver-mac-arm64/chromedriver
16:53:59.230 [TestNG-PoolService-4] WARN  com.nba.framework.driver.StealthUtils - Failed to apply some stealth techniques: javascript error: Cannot redefine property: webdriver
  (Session info: chrome=141.0.7390.123)
Build info: version: '4.15.0', revision: '1d14b5521b'
System info: os.name: 'Mac OS X', os.arch: 'aarch64', os.version: '15.7.1', java.version: '17.0.12'
Driver info: org.openqa.selenium.chrome.ChromeDriver
Command: [cfccd49af226e0e6e8d5988759e47851, executeScript {script=Object.defineProperty(navigator, 'webdriver', {get: () => undefined}), args=[]}]
Capabilities {acceptInsecureCerts: false, browserName: chrome, browserVersion: 141.0.7390.123, chrome: {chromedriverVersion: 141.0.7390.122 (b477534e7e1..., userDataDir: /tmp/chrome-test-profile-17...}, fedcm:accounts: true, goog:chromeOptions: {debuggerAddress: localhost:50914}, networkConnectionEnabled: false, pageLoadStrategy: normal, platformName: mac, proxy: Proxy(), se:cdp: ws://localhost:50914/devtoo..., se:cdpVersion: 141.0.7390.123, setWindowRect: true, strictFileInteractability: false, timeouts: {implicit: 0, pageLoad: 300000, script: 30000}, unhandledPromptBehavior: dismiss and notify, webauthn:extension:credBlob: true, webauthn:extension:largeBlob: true, webauthn:extension:minPinLength: true, webauthn:extension:prf: true, webauthn:virtualAuthenticators: true}
Session ID: cfccd49af226e0e6e8d5988759e47851
16:53:59.230 [TestNG-PoolService-7] WARN  com.nba.framework.driver.StealthUtils - Failed to apply some stealth techniques: javascript error: Cannot redefine property: webdriver
  (Session info: chrome=141.0.7390.123)
Build info: version: '4.15.0', revision: '1d14b5521b'
System info: os.name: 'Mac OS X', os.arch: 'aarch64', os.version: '15.7.1', java.version: '17.0.12'
Driver info: org.openqa.selenium.chrome.ChromeDriver
Command: [190d4d1a377e65830070c7de5da43375, executeScript {script=Object.defineProperty(navigator, 'webdriver', {get: () => undefined}), args=[]}]
Capabilities {acceptInsecureCerts: false, browserName: chrome, browserVersion: 141.0.7390.123, chrome: {chromedriverVersion: 141.0.7390.122 (b477534e7e1..., userDataDir: /tmp/chrome-test-profile-17...}, fedcm:accounts: true, goog:chromeOptions: {debuggerAddress: localhost:50914}, networkConnectionEnabled: false, pageLoadStrategy: normal, platformName: mac, proxy: Proxy(), se:cdp: ws://localhost:50914/devtoo..., se:cdpVersion: 141.0.7390.123, setWindowRect: true, strictFileInteractability: false, timeouts: {implicit: 0, pageLoad: 300000, script: 30000}, unhandledPromptBehavior: dismiss and notify, webauthn:extension:credBlob: true, webauthn:extension:largeBlob: true, webauthn:extension:minPinLength: true, webauthn:extension:prf: true, webauthn:virtualAuthenticators: true}
Session ID: 190d4d1a377e65830070c7de5da43375
16:53:59.230 [TestNG-PoolService-3] INFO  com.nba.framework.driver.DriverUtils - ✅ ChromeDriver created successfully from: ../drivers/chromedriver-mac-arm64/chromedriver
16:53:59.230 [TestNG-PoolService-0] INFO  com.nba.framework.driver.DriverUtils - ✅ ChromeDriver created successfully from: ../drivers/chromedriver-mac-arm64/chromedriver
16:53:59.230 [TestNG-PoolService-4] INFO  com.nba.framework.driver.DriverUtils - ✅ ChromeDriver created successfully from: ../drivers/chromedriver-mac-arm64/chromedriver
16:53:59.230 [TestNG-PoolService-6] INFO  com.nba.framework.driver.DriverUtils - ✅ ChromeDriver created successfully from: ../drivers/chromedriver-mac-arm64/chromedriver
16:53:59.230 [TestNG-PoolService-2] INFO  com.nba.framework.driver.DriverUtils - ✅ ChromeDriver created successfully from: ../drivers/chromedriver-mac-arm64/chromedriver
16:53:59.231 [TestNG-PoolService-7] INFO  com.nba.framework.driver.DriverUtils - ✅ ChromeDriver created successfully from: ../drivers/chromedriver-mac-arm64/chromedriver
16:53:59.252 [TestNG-PoolService-3] INFO  com.nba.framework.driver.DriverManager - Driver initialized successfully for browser: chrome
16:53:59.252 [TestNG-PoolService-0] INFO  com.nba.framework.driver.DriverManager - Driver initialized successfully for browser: chrome
16:53:59.252 [TestNG-PoolService-4] INFO  com.nba.framework.driver.DriverManager - Driver initialized successfully for browser: chrome
16:53:59.252 [TestNG-PoolService-7] INFO  com.nba.framework.driver.DriverManager - Driver initialized successfully for browser: chrome
16:53:59.252 [TestNG-PoolService-2] INFO  com.nba.framework.driver.DriverManager - Driver initialized successfully for browser: chrome
16:53:59.252 [TestNG-PoolService-3] INFO  com.nba.framework.hooks.CucumberHooks - Driver initialized for scenario: Test Case 1 Alternative - Find Jackets with different categories
16:53:59.252 [TestNG-PoolService-2] INFO  com.nba.framework.hooks.CucumberHooks - Driver initialized for scenario: Test Case 1 Alternative - Find Jackets with different categories
16:53:59.252 [TestNG-PoolService-4] INFO  com.nba.framework.hooks.CucumberHooks - Driver initialized for scenario: Test Case 1 Alternative - Find Jackets with different categories
16:53:59.252 [TestNG-PoolService-0] INFO  com.nba.framework.hooks.CucumberHooks - Driver initialized for scenario: Test Case 1 - Find all Jackets from Shop Menu
16:53:59.252 [TestNG-PoolService-6] INFO  com.nba.framework.driver.DriverManager - Driver initialized successfully for browser: chrome
16:53:59.252 [TestNG-PoolService-7] INFO  com.nba.framework.hooks.CucumberHooks - Driver initialized for scenario: Test Case 2 Alternative - Count Videos with different time periods
16:53:59.252 [TestNG-PoolService-6] INFO  com.nba.framework.hooks.CucumberHooks - Driver initialized for scenario: Test Case 2 Alternative - Count Videos with different time periods
16:53:59.260 [TestNG-PoolService-1] INFO  com.nba.framework.driver.DriverManager - Driver initialized successfully for browser: chrome
16:53:59.260 [TestNG-PoolService-1] INFO  com.nba.framework.hooks.CucumberHooks - Driver initialized for scenario: Test Case 2 - Count Video Feeds in New & Features
16:54:17.948 [TestNG-PoolService-0] INFO  com.nba.framework.pages.BasePage - Page loaded successfully
16:54:17.948 [TestNG-PoolService-2] INFO  com.nba.framework.pages.BasePage - Page loaded successfully
16:54:17.948 [TestNG-PoolService-0] INFO  com.nba.framework.pages.BasePage - Navigated to URL: https://www.nba.com/warriors
16:54:17.948 [TestNG-PoolService-2] INFO  com.nba.framework.pages.BasePage - Navigated to URL: https://www.nba.com/warriors
16:54:17.950 [TestNG-PoolService-6] INFO  com.nba.framework.pages.BasePage - Page loaded successfully
16:54:17.950 [TestNG-PoolService-4] INFO  com.nba.framework.pages.BasePage - Page loaded successfully
16:54:17.950 [TestNG-PoolService-6] INFO  com.nba.framework.pages.BasePage - Navigated to URL: https://www.nba.com/warriors
16:54:17.950 [TestNG-PoolService-1] INFO  com.nba.framework.pages.BasePage - Page loaded successfully
16:54:17.950 [TestNG-PoolService-1] INFO  com.nba.framework.pages.BasePage - Navigated to URL: https://www.nba.com/warriors
16:54:17.950 [TestNG-PoolService-4] INFO  com.nba.framework.pages.BasePage - Navigated to URL: https://www.nba.com/warriors
16:54:17.950 [TestNG-PoolService-3] INFO  com.nba.framework.pages.BasePage - Page loaded successfully
16:54:17.950 [TestNG-PoolService-3] INFO  com.nba.framework.pages.BasePage - Navigated to URL: https://www.nba.com/warriors
16:54:17.951 [TestNG-PoolService-7] INFO  com.nba.framework.pages.BasePage - Page loaded successfully
16:54:17.952 [TestNG-PoolService-7] INFO  com.nba.framework.pages.BasePage - Navigated to URL: https://www.nba.com/warriors
16:54:17.980 [TestNG-PoolService-3] INFO  com.nba.framework.pages.BasePage - Current URL: https://www.nba.com/warriors/
16:54:17.980 [TestNG-PoolService-6] INFO  com.nba.framework.pages.BasePage - Current URL: https://www.nba.com/warriors/
16:54:17.980 [TestNG-PoolService-4] INFO  com.nba.framework.pages.BasePage - Current URL: https://www.nba.com/warriors/
16:54:17.981 [TestNG-PoolService-2] INFO  com.nba.framework.pages.BasePage - Current URL: https://www.nba.com/warriors/
16:54:17.981 [TestNG-PoolService-7] INFO  com.nba.framework.pages.BasePage - Current URL: https://www.nba.com/warriors/
16:54:17.981 [TestNG-PoolService-0] INFO  com.nba.framework.pages.BasePage - Current URL: https://www.nba.com/warriors/
16:54:17.981 [TestNG-PoolService-1] INFO  com.nba.framework.pages.BasePage - Current URL: https://www.nba.com/warriors/
✓ Assertion passed: Warriors page should be loaded
✓ Assertion passed: Warriors page should be loaded
✓ Assertion passed: Warriors page should be loaded
✓ Assertion passed: Warriors page should be loaded
✓ Assertion passed: Warriors page should be loaded
✓ Assertion passed: Warriors page should be loaded
16:54:17.982 [TestNG-PoolService-3] INFO  com.nba.tests.core.stepdefinitions.WarriorsStepDefinitions - Navigated to Warriors website
16:54:17.982 [TestNG-PoolService-7] INFO  com.nba.tests.core.stepdefinitions.WarriorsStepDefinitions - Navigated to Warriors website
✓ Assertion passed: Warriors page should be loaded
16:54:17.982 [TestNG-PoolService-2] INFO  com.nba.tests.core.stepdefinitions.WarriorsStepDefinitions - Navigated to Warriors website
16:54:17.982 [TestNG-PoolService-1] INFO  com.nba.tests.core.stepdefinitions.WarriorsStepDefinitions - Navigated to Warriors website
16:54:17.982 [TestNG-PoolService-4] INFO  com.nba.tests.core.stepdefinitions.WarriorsStepDefinitions - Navigated to Warriors website
16:54:17.982 [TestNG-PoolService-0] INFO  com.nba.tests.core.stepdefinitions.WarriorsStepDefinitions - Navigated to Warriors website
16:54:17.982 [TestNG-PoolService-6] INFO  com.nba.tests.core.stepdefinitions.WarriorsStepDefinitions - Navigated to Warriors website
  Given I navigate to the Warriors website                                         # com.nba.tests.core.stepdefinitions.WarriorsStepDefinitions.iNavigateToTheWarriorsWebsite()
  Given I navigate to the Warriors website                                           # com.nba.tests.core.stepdefinitions.WarriorsStepDefinitions.iNavigateToTheWarriorsWebsite()
  Given I navigate to the Warriors website              # com.nba.tests.core.stepdefinitions.WarriorsStepDefinitions.iNavigateToTheWarriorsWebsite()
  Given I navigate to the Warriors website                                         # com.nba.tests.core.stepdefinitions.WarriorsStepDefinitions.iNavigateToTheWarriorsWebsite()
  Given I navigate to the Warriors website                  # com.nba.tests.core.stepdefinitions.WarriorsStepDefinitions.iNavigateToTheWarriorsWebsite()
  Given I navigate to the Warriors website                                         # com.nba.tests.core.stepdefinitions.WarriorsStepDefinitions.iNavigateToTheWarriorsWebsite()
  Given I navigate to the Warriors website                                           # com.nba.tests.core.stepdefinitions.WarriorsStepDefinitions.iNavigateToTheWarriorsWebsite()
16:54:18.010 [TestNG-PoolService-2] INFO  com.nba.framework.pages.BasePage - Current URL: https://www.nba.com/warriors/
✓ Assertion passed: Warriors page should be loaded
16:54:18.010 [TestNG-PoolService-2] INFO  com.nba.tests.core.stepdefinitions.WarriorsStepDefinitions - On Warriors homepage
  Given I am on the Warriors homepage                                              # com.nba.tests.core.stepdefinitions.WarriorsStepDefinitions.iAmOnTheWarriorsHomepage()
16:54:18.010 [TestNG-PoolService-0] INFO  com.nba.framework.pages.BasePage - Current URL: https://www.nba.com/warriors/
✓ Assertion passed: Warriors page should be loaded
16:54:18.010 [TestNG-PoolService-0] INFO  com.nba.tests.core.stepdefinitions.WarriorsStepDefinitions - On Warriors homepage
16:54:18.010 [TestNG-PoolService-6] INFO  com.nba.framework.pages.BasePage - Current URL: https://www.nba.com/warriors/
✓ Assertion passed: Warriors page should be loaded
  Given I am on the Warriors homepage                   # com.nba.tests.core.stepdefinitions.WarriorsStepDefinitions.iAmOnTheWarriorsHomepage()
16:54:18.011 [TestNG-PoolService-6] INFO  com.nba.tests.core.stepdefinitions.WarriorsStepDefinitions - On Warriors homepage
16:54:18.012 [TestNG-PoolService-7] INFO  com.nba.framework.pages.BasePage - Current URL: https://www.nba.com/warriors/
✓ Assertion passed: Warriors page should be loaded
16:54:18.012 [TestNG-PoolService-7] INFO  com.nba.tests.core.stepdefinitions.WarriorsStepDefinitions - On Warriors homepage
16:54:18.013 [TestNG-PoolService-4] INFO  com.nba.framework.pages.BasePage - Current URL: https://www.nba.com/warriors/
✓ Assertion passed: Warriors page should be loaded
16:54:18.013 [TestNG-PoolService-4] INFO  com.nba.tests.core.stepdefinitions.WarriorsStepDefinitions - On Warriors homepage
  Given I am on the Warriors homepage                                              # com.nba.tests.core.stepdefinitions.WarriorsStepDefinitions.iAmOnTheWarriorsHomepage()
16:54:18.014 [TestNG-PoolService-0] INFO  com.nba.tests.core.stepdefinitions.WarriorsStepDefinitions - Attempting to navigate to shop page...
16:54:18.014 [TestNG-PoolService-3] INFO  com.nba.framework.pages.BasePage - Current URL: https://www.nba.com/warriors/
  Given I am on the Warriors homepage                                                # com.nba.tests.core.stepdefinitions.WarriorsStepDefinitions.iAmOnTheWarriorsHomepage()
16:54:18.014 [TestNG-PoolService-1] INFO  com.nba.framework.pages.BasePage - Current URL: https://www.nba.com/warriors/
✓ Assertion passed: Warriors page should be loaded
16:54:18.014 [TestNG-PoolService-1] INFO  com.nba.tests.core.stepdefinitions.WarriorsStepDefinitions - On Warriors homepage
✓ Assertion passed: Warriors page should be loaded
16:54:18.015 [TestNG-PoolService-3] INFO  com.nba.tests.core.stepdefinitions.WarriorsStepDefinitions - On Warriors homepage
  Given I am on the Warriors homepage                                              # com.nba.tests.core.stepdefinitions.WarriorsStepDefinitions.iAmOnTheWarriorsHomepage()
  Given I am on the Warriors homepage                                                # com.nba.tests.core.stepdefinitions.WarriorsStepDefinitions.iAmOnTheWarriorsHomepage()
  Given I am on the Warriors homepage                       # com.nba.tests.core.stepdefinitions.WarriorsStepDefinitions.iAmOnTheWarriorsHomepage()
16:54:18.033 [TestNG-PoolService-5] INFO  com.nba.framework.driver.StealthUtils - Stealth techniques applied successfully
16:54:18.033 [TestNG-PoolService-5] INFO  com.nba.framework.driver.DriverUtils - ✅ ChromeDriver created successfully from: ../drivers/chromedriver-mac-arm64/chromedriver
16:54:18.038 [TestNG-PoolService-5] INFO  com.nba.framework.driver.DriverManager - Driver initialized successfully for browser: chrome
16:54:18.038 [TestNG-PoolService-5] INFO  com.nba.framework.hooks.CucumberHooks - Driver initialized for scenario: Test Case 2 Alternative - Count Videos with different time periods
✓ Assertion passed: Shop menu should be visible
✓ Assertion passed: Shop menu should be visible
16:54:18.045 [TestNG-PoolService-0] INFO  com.nba.tests.core.stepdefinitions.WarriorsStepDefinitions - Shop menu visible: true
16:54:18.045 [TestNG-PoolService-0] INFO  com.nba.tests.core.stepdefinitions.WarriorsStepDefinitions - Clicking Shop menu
✓ Assertion passed: Shop menu should be visible
16:54:19.062 [TestNG-PoolService-5] INFO  com.nba.framework.pages.BasePage - Page loaded successfully
16:54:19.062 [TestNG-PoolService-5] INFO  com.nba.framework.pages.BasePage - Navigated to URL: https://www.nba.com/warriors
16:54:19.087 [TestNG-PoolService-5] INFO  com.nba.framework.pages.BasePage - Current URL: https://www.nba.com/warriors/
✓ Assertion passed: Warriors page should be loaded
16:54:19.087 [TestNG-PoolService-5] INFO  com.nba.tests.core.stepdefinitions.WarriorsStepDefinitions - Navigated to Warriors website
  Given I navigate to the Warriors website                                           # com.nba.tests.core.stepdefinitions.WarriorsStepDefinitions.iNavigateToTheWarriorsWebsite()
16:54:19.107 [TestNG-PoolService-5] INFO  com.nba.framework.pages.BasePage - Current URL: https://www.nba.com/warriors/
✓ Assertion passed: Warriors page should be loaded
16:54:19.108 [TestNG-PoolService-5] INFO  com.nba.tests.core.stepdefinitions.WarriorsStepDefinitions - On Warriors homepage
  Given I am on the Warriors homepage                                                # com.nba.tests.core.stepdefinitions.WarriorsStepDefinitions.iAmOnTheWarriorsHomepage()
16:54:28.026 [TestNG-PoolService-1] ERROR com.nba.framework.pages.BasePage - Failed to hover over element: By.xpath: //a[contains(text(), 'Menu')]
org.openqa.selenium.NoSuchElementException: no such element: Unable to locate element: {"method":"xpath","selector":"//a[contains(text(), 'Menu')]"}
  (Session info: chrome=141.0.7390.123)
For documentation on this error, please visit: https://www.selenium.dev/documentation/webdriver/troubleshooting/errors#no-such-element-exception
Build info: version: '4.15.0', revision: '1d14b5521b'
System info: os.name: 'Mac OS X', os.arch: 'aarch64', os.version: '15.7.1', java.version: '17.0.12'
Driver info: org.openqa.selenium.chrome.ChromeDriver
Command: [c05a533026e6815bfdb95e6d594ff4d3, findElement {using=xpath, value=//a[contains(text(), 'Menu')]}]
Capabilities {acceptInsecureCerts: false, browserName: chrome, browserVersion: 141.0.7390.123, chrome: {chromedriverVersion: 141.0.7390.122 (b477534e7e1..., userDataDir: /tmp/chrome-test-profile-17...}, fedcm:accounts: true, goog:chromeOptions: {debuggerAddress: localhost:50914}, networkConnectionEnabled: false, pageLoadStrategy: normal, platformName: mac, proxy: Proxy(), se:cdp: ws://localhost:50914/devtoo..., se:cdpVersion: 141.0.7390.123, setWindowRect: true, strictFileInteractability: false, timeouts: {implicit: 0, pageLoad: 300000, script: 30000}, unhandledPromptBehavior: dismiss and notify, webauthn:extension:credBlob: true, webauthn:extension:largeBlob: true, webauthn:extension:minPinLength: true, webauthn:extension:prf: true, webauthn:virtualAuthenticators: true}
Session ID: c05a533026e6815bfdb95e6d594ff4d3
	at jdk.internal.reflect.NativeConstructorAccessorImpl.newInstance0(Native Method) ~[?:?]
	at jdk.internal.reflect.NativeConstructorAccessorImpl.newInstance(NativeConstructorAccessorImpl.java:77) ~[?:?]
	at jdk.internal.reflect.DelegatingConstructorAccessorImpl.newInstance(DelegatingConstructorAccessorImpl.java:45) ~[?:?]
	at java.lang.reflect.Constructor.newInstanceWithCaller(Constructor.java:499) ~[?:?]
	at java.lang.reflect.Constructor.newInstance(Constructor.java:480) ~[?:?]
	at org.openqa.selenium.remote.codec.w3c.W3CHttpResponseCodec.createException(W3CHttpResponseCodec.java:200) ~[selenium-remote-driver-4.15.0.jar:?]
	at org.openqa.selenium.remote.codec.w3c.W3CHttpResponseCodec.decode(W3CHttpResponseCodec.java:133) ~[selenium-remote-driver-4.15.0.jar:?]
	at org.openqa.selenium.remote.codec.w3c.W3CHttpResponseCodec.decode(W3CHttpResponseCodec.java:52) ~[selenium-remote-driver-4.15.0.jar:?]
	at org.openqa.selenium.remote.HttpCommandExecutor.execute(HttpCommandExecutor.java:191) ~[selenium-remote-driver-4.15.0.jar:?]
	at org.openqa.selenium.remote.service.DriverCommandExecutor.invokeExecute(DriverCommandExecutor.java:200) ~[selenium-remote-driver-4.15.0.jar:?]
	at org.openqa.selenium.remote.service.DriverCommandExecutor.execute(DriverCommandExecutor.java:175) ~[selenium-remote-driver-4.15.0.jar:?]
	at org.openqa.selenium.remote.RemoteWebDriver.execute(RemoteWebDriver.java:607) ~[selenium-remote-driver-4.15.0.jar:?]
	at org.openqa.selenium.remote.ElementLocation$ElementFinder$2.findElement(ElementLocation.java:165) ~[selenium-remote-driver-4.15.0.jar:?]
	at org.openqa.selenium.remote.ElementLocation.findElement(ElementLocation.java:59) ~[selenium-remote-driver-4.15.0.jar:?]
	at org.openqa.selenium.remote.RemoteWebDriver.findElement(RemoteWebDriver.java:364) ~[selenium-remote-driver-4.15.0.jar:?]
	at org.openqa.selenium.remote.RemoteWebDriver.findElement(RemoteWebDriver.java:358) ~[selenium-remote-driver-4.15.0.jar:?]
	at com.nba.framework.pages.BasePage.hoverOverElement(BasePage.java:132) ~[automation-framework-1.0-SNAPSHOT.jar:?]
	at com.nba.tests.core.pages.WarriorsPage.hoverOnMenu(WarriorsPage.java:304) ~[classes/:?]
	at com.nba.tests.core.stepdefinitions.WarriorsStepDefinitions.iHoverOnMenuItem(WarriorsStepDefinitions.java:180) ~[test-classes/:?]
	at jdk.internal.reflect.NativeMethodAccessorImpl.invoke0(Native Method) ~[?:?]
	at jdk.internal.reflect.NativeMethodAccessorImpl.invoke(NativeMethodAccessorImpl.java:77) ~[?:?]
	at jdk.internal.reflect.DelegatingMethodAccessorImpl.invoke(DelegatingMethodAccessorImpl.java:43) ~[?:?]
	at java.lang.reflect.Method.invoke(Method.java:568) ~[?:?]
	at io.cucumber.java.Invoker.doInvoke(Invoker.java:66) ~[cucumber-java-7.14.0.jar:7.14.0]
	at io.cucumber.java.Invoker.invoke(Invoker.java:24) ~[cucumber-java-7.14.0.jar:7.14.0]
	at io.cucumber.java.AbstractGlueDefinition.invokeMethod(AbstractGlueDefinition.java:47) ~[cucumber-java-7.14.0.jar:7.14.0]
	at io.cucumber.java.JavaStepDefinition.execute(JavaStepDefinition.java:29) ~[cucumber-java-7.14.0.jar:7.14.0]
	at io.cucumber.core.runner.CoreStepDefinition.execute(CoreStepDefinition.java:66) ~[cucumber-core-7.14.0.jar:7.14.0]
	at io.cucumber.core.runner.PickleStepDefinitionMatch.runStep(PickleStepDefinitionMatch.java:63) ~[cucumber-core-7.14.0.jar:7.14.0]
	at io.cucumber.core.runner.ExecutionMode$1.execute(ExecutionMode.java:10) ~[cucumber-core-7.14.0.jar:7.14.0]
	at io.cucumber.core.runner.TestStep.executeStep(TestStep.java:84) ~[cucumber-core-7.14.0.jar:7.14.0]
	at io.cucumber.core.runner.TestStep.run(TestStep.java:56) ~[cucumber-core-7.14.0.jar:7.14.0]
	at io.cucumber.core.runner.PickleStepTestStep.run(PickleStepTestStep.java:51) ~[cucumber-core-7.14.0.jar:7.14.0]
	at io.cucumber.core.runner.TestCase.run(TestCase.java:84) ~[cucumber-core-7.14.0.jar:7.14.0]
	at io.cucumber.core.runner.Runner.runPickle(Runner.java:75) ~[cucumber-core-7.14.0.jar:7.14.0]
	at io.cucumber.testng.TestNGCucumberRunner.lambda$runScenario$1(TestNGCucumberRunner.java:132) ~[cucumber-testng-7.14.0.jar:7.14.0]
	at io.cucumber.core.runtime.CucumberExecutionContext.lambda$runTestCase$5(CucumberExecutionContext.java:137) ~[cucumber-core-7.14.0.jar:7.14.0]
	at io.cucumber.core.runtime.RethrowingThrowableCollector.executeAndThrow(RethrowingThrowableCollector.java:23) [cucumber-core-7.14.0.jar:7.14.0]
	at io.cucumber.core.runtime.CucumberExecutionContext.runTestCase(CucumberExecutionContext.java:137) [cucumber-core-7.14.0.jar:7.14.0]
	at io.cucumber.testng.TestNGCucumberRunner.runScenario(TestNGCucumberRunner.java:129) [cucumber-testng-7.14.0.jar:7.14.0]
	at io.cucumber.testng.AbstractTestNGCucumberTests.runScenario(AbstractTestNGCucumberTests.java:35) [cucumber-testng-7.14.0.jar:7.14.0]
	at jdk.internal.reflect.NativeMethodAccessorImpl.invoke0(Native Method) ~[?:?]
	at jdk.internal.reflect.NativeMethodAccessorImpl.invoke(NativeMethodAccessorImpl.java:77) ~[?:?]
	at jdk.internal.reflect.DelegatingMethodAccessorImpl.invoke(DelegatingMethodAccessorImpl.java:43) ~[?:?]
	at java.lang.reflect.Method.invoke(Method.java:568) ~[?:?]
	at org.testng.internal.invokers.MethodInvocationHelper.invokeMethod(MethodInvocationHelper.java:139) [testng-7.8.0.jar:7.8.0]
	at org.testng.internal.invokers.TestInvoker.invokeMethod(TestInvoker.java:664) [testng-7.8.0.jar:7.8.0]
	at org.testng.internal.invokers.TestInvoker.invokeTestMethod(TestInvoker.java:227) [testng-7.8.0.jar:7.8.0]
	at org.testng.internal.invokers.TestMethodWithDataProviderMethodWorker.call(TestMethodWithDataProviderMethodWorker.java:80) [testng-7.8.0.jar:7.8.0]
	at org.testng.internal.invokers.TestMethodWithDataProviderMethodWorker.call(TestMethodWithDataProviderMethodWorker.java:17) [testng-7.8.0.jar:7.8.0]
	at java.util.concurrent.FutureTask.run(FutureTask.java:264) [?:?]
	at java.util.concurrent.Executors$RunnableAdapter.call(Executors.java:539) [?:?]
	at java.util.concurrent.FutureTask.run(FutureTask.java:264) [?:?]
	at java.util.concurrent.ThreadPoolExecutor.runWorker(ThreadPoolExecutor.java:1136) [?:?]
	at java.util.concurrent.ThreadPoolExecutor$Worker.run(ThreadPoolExecutor.java:635) [?:?]
	at java.lang.Thread.run(Thread.java:842) [?:?]
  When I hover on menu item                                 # com.nba.tests.core.stepdefinitions.WarriorsStepDefinitions.iHoverOnMenuItem()
      java.lang.RuntimeException: Hover action failed
	at com.nba.framework.pages.BasePage.hoverOverElement(BasePage.java:137)
	at com.nba.tests.core.pages.WarriorsPage.hoverOnMenu(WarriorsPage.java:304)
	at com.nba.tests.core.stepdefinitions.WarriorsStepDefinitions.iHoverOnMenuItem(WarriorsStepDefinitions.java:180)
	at ✽.I hover on menu item(file:///Volumes/Amdocs/Workspace/nba-automation-framework%202/core-product-tests/src/test/resources/features/warriors_tests.feature:22)
Caused by: org.openqa.selenium.NoSuchElementException: no such element: Unable to locate element: {"method":"xpath","selector":"//a[contains(text(), 'Menu')]"}
  (Session info: chrome=141.0.7390.123)
For documentation on this error, please visit: https://www.selenium.dev/documentation/webdriver/troubleshooting/errors#no-such-element-exception
Build info: version: '4.15.0', revision: '1d14b5521b'
System info: os.name: 'Mac OS X', os.arch: 'aarch64', os.version: '15.7.1', java.version: '17.0.12'
Driver info: org.openqa.selenium.chrome.ChromeDriver
Command: [c05a533026e6815bfdb95e6d594ff4d3, findElement {using=xpath, value=//a[contains(text(), 'Menu')]}]
Capabilities {acceptInsecureCerts: false, browserName: chrome, browserVersion: 141.0.7390.123, chrome: {chromedriverVersion: 141.0.7390.122 (b477534e7e1..., userDataDir: /tmp/chrome-test-profile-17...}, fedcm:accounts: true, goog:chromeOptions: {debuggerAddress: localhost:50914}, networkConnectionEnabled: false, pageLoadStrategy: normal, platformName: mac, proxy: Proxy(), se:cdp: ws://localhost:50914/devtoo..., se:cdpVersion: 141.0.7390.123, setWindowRect: true, strictFileInteractability: false, timeouts: {implicit: 0, pageLoad: 300000, script: 30000}, unhandledPromptBehavior: dismiss and notify, webauthn:extension:credBlob: true, webauthn:extension:largeBlob: true, webauthn:extension:minPinLength: true, webauthn:extension:prf: true, webauthn:virtualAuthenticators: true}
Session ID: c05a533026e6815bfdb95e6d594ff4d3
	at java.base/jdk.internal.reflect.NativeConstructorAccessorImpl.newInstance0(Native Method)
	at java.base/jdk.internal.reflect.NativeConstructorAccessorImpl.newInstance(NativeConstructorAccessorImpl.java:77)
	at java.base/jdk.internal.reflect.DelegatingConstructorAccessorImpl.newInstance(DelegatingConstructorAccessorImpl.java:45)
	at java.base/java.lang.reflect.Constructor.newInstanceWithCaller(Constructor.java:499)
	at java.base/java.lang.reflect.Constructor.newInstance(Constructor.java:480)
	at org.openqa.selenium.remote.codec.w3c.W3CHttpResponseCodec.createException(W3CHttpResponseCodec.java:200)
	at org.openqa.selenium.remote.codec.w3c.W3CHttpResponseCodec.decode(W3CHttpResponseCodec.java:133)
	at org.openqa.selenium.remote.codec.w3c.W3CHttpResponseCodec.decode(W3CHttpResponseCodec.java:52)
	at org.openqa.selenium.remote.HttpCommandExecutor.execute(HttpCommandExecutor.java:191)
	at org.openqa.selenium.remote.service.DriverCommandExecutor.invokeExecute(DriverCommandExecutor.java:200)
	at org.openqa.selenium.remote.service.DriverCommandExecutor.execute(DriverCommandExecutor.java:175)
	at org.openqa.selenium.remote.RemoteWebDriver.execute(RemoteWebDriver.java:607)
	at org.openqa.selenium.remote.ElementLocation$ElementFinder$2.findElement(ElementLocation.java:165)
	at org.openqa.selenium.remote.ElementLocation.findElement(ElementLocation.java:59)
	at org.openqa.selenium.remote.RemoteWebDriver.findElement(RemoteWebDriver.java:364)
	at org.openqa.selenium.remote.RemoteWebDriver.findElement(RemoteWebDriver.java:358)
	at com.nba.framework.pages.BasePage.hoverOverElement(BasePage.java:132)
	at com.nba.tests.core.pages.WarriorsPage.hoverOnMenu(WarriorsPage.java:304)
	at com.nba.tests.core.stepdefinitions.WarriorsStepDefinitions.iHoverOnMenuItem(WarriorsStepDefinitions.java:180)
	at java.base/jdk.internal.reflect.NativeMethodAccessorImpl.invoke0(Native Method)
	at java.base/jdk.internal.reflect.NativeMethodAccessorImpl.invoke(NativeMethodAccessorImpl.java:77)
	at java.base/jdk.internal.reflect.DelegatingMethodAccessorImpl.invoke(DelegatingMethodAccessorImpl.java:43)
	at java.base/java.lang.reflect.Method.invoke(Method.java:568)
	at io.cucumber.java.Invoker.doInvoke(Invoker.java:66)
	at io.cucumber.java.Invoker.invoke(Invoker.java:24)
	at io.cucumber.java.AbstractGlueDefinition.invokeMethod(AbstractGlueDefinition.java:47)
	at io.cucumber.java.JavaStepDefinition.execute(JavaStepDefinition.java:29)
	at io.cucumber.core.runner.CoreStepDefinition.execute(CoreStepDefinition.java:66)
	at io.cucumber.core.runner.PickleStepDefinitionMatch.runStep(PickleStepDefinitionMatch.java:63)
	at io.cucumber.core.runner.ExecutionMode$1.execute(ExecutionMode.java:10)
	at io.cucumber.core.runner.TestStep.executeStep(TestStep.java:84)
	at io.cucumber.core.runner.TestStep.run(TestStep.java:56)
	at io.cucumber.core.runner.PickleStepTestStep.run(PickleStepTestStep.java:51)
	at io.cucumber.core.runner.TestCase.run(TestCase.java:84)
	at io.cucumber.core.runner.Runner.runPickle(Runner.java:75)
	at io.cucumber.testng.TestNGCucumberRunner.lambda$runScenario$1(TestNGCucumberRunner.java:132)
	at io.cucumber.core.runtime.CucumberExecutionContext.lambda$runTestCase$5(CucumberExecutionContext.java:137)
	at io.cucumber.core.runtime.RethrowingThrowableCollector.executeAndThrow(RethrowingThrowableCollector.java:23)
	at io.cucumber.core.runtime.CucumberExecutionContext.runTestCase(CucumberExecutionContext.java:137)
	at io.cucumber.testng.TestNGCucumberRunner.runScenario(TestNGCucumberRunner.java:129)
	at io.cucumber.testng.AbstractTestNGCucumberTests.runScenario(AbstractTestNGCucumberTests.java:35)
	at java.base/jdk.internal.reflect.NativeMethodAccessorImpl.invoke0(Native Method)
	at java.base/jdk.internal.reflect.NativeMethodAccessorImpl.invoke(NativeMethodAccessorImpl.java:77)
	at java.base/jdk.internal.reflect.DelegatingMethodAccessorImpl.invoke(DelegatingMethodAccessorImpl.java:43)
	at java.base/java.lang.reflect.Method.invoke(Method.java:568)
	at org.testng.internal.invokers.MethodInvocationHelper.invokeMethod(MethodInvocationHelper.java:139)
	at org.testng.internal.invokers.TestInvoker.invokeMethod(TestInvoker.java:664)
	at org.testng.internal.invokers.TestInvoker.invokeTestMethod(TestInvoker.java:227)
	at org.testng.internal.invokers.TestMethodWithDataProviderMethodWorker.call(TestMethodWithDataProviderMethodWorker.java:80)
	at org.testng.internal.invokers.TestMethodWithDataProviderMethodWorker.call(TestMethodWithDataProviderMethodWorker.java:17)
	at java.base/java.util.concurrent.FutureTask.run(FutureTask.java:264)
	at java.base/java.util.concurrent.Executors$RunnableAdapter.call(Executors.java:539)
	at java.base/java.util.concurrent.FutureTask.run(FutureTask.java:264)
	at java.base/java.util.concurrent.ThreadPoolExecutor.runWorker(ThreadPoolExecutor.java:1136)
	at java.base/java.util.concurrent.ThreadPoolExecutor$Worker.run(ThreadPoolExecutor.java:635)
	at java.base/java.lang.Thread.run(Thread.java:842)

  And I click on New & Features                             # com.nba.tests.core.stepdefinitions.WarriorsStepDefinitions.iClickOnNewAndFeatures()
  Then I should see video feeds                             # com.nba.tests.core.stepdefinitions.WarriorsStepDefinitions.iShouldSeeVideoFeeds()
  When I count total number of video feeds                  # com.nba.tests.core.stepdefinitions.WarriorsStepDefinitions.iCountTotalNumberOfVideoFeeds()
  And I count videos that are present for 3 or more days    # com.nba.tests.core.stepdefinitions.WarriorsStepDefinitions.iCountVideosThatArePresentForDaysOrMore(int)
  Then I should validate the video counts                   # com.nba.tests.core.stepdefinitions.WarriorsStepDefinitions.iShouldValidateTheVideoCounts()
16:54:28.033 [TestNG-PoolService-1] INFO  com.nba.framework.hooks.CucumberHooks - Finishing scenario: Test Case 2 - Count Video Feeds in New & Features - Status: FAILED
16:54:28.072 [TestNG-PoolService-7] ERROR com.nba.framework.pages.BasePage - Failed to hover over element: By.xpath: //a[contains(text(), 'Menu')]
org.openqa.selenium.NoSuchElementException: no such element: Unable to locate element: {"method":"xpath","selector":"//a[contains(text(), 'Menu')]"}
  (Session info: chrome=141.0.7390.123)
For documentation on this error, please visit: https://www.selenium.dev/documentation/webdriver/troubleshooting/errors#no-such-element-exception
Build info: version: '4.15.0', revision: '1d14b5521b'
System info: os.name: 'Mac OS X', os.arch: 'aarch64', os.version: '15.7.1', java.version: '17.0.12'
Driver info: org.openqa.selenium.chrome.ChromeDriver
Command: [190d4d1a377e65830070c7de5da43375, findElement {using=xpath, value=//a[contains(text(), 'Menu')]}]
Capabilities {acceptInsecureCerts: false, browserName: chrome, browserVersion: 141.0.7390.123, chrome: {chromedriverVersion: 141.0.7390.122 (b477534e7e1..., userDataDir: /tmp/chrome-test-profile-17...}, fedcm:accounts: true, goog:chromeOptions: {debuggerAddress: localhost:50914}, networkConnectionEnabled: false, pageLoadStrategy: normal, platformName: mac, proxy: Proxy(), se:cdp: ws://localhost:50914/devtoo..., se:cdpVersion: 141.0.7390.123, setWindowRect: true, strictFileInteractability: false, timeouts: {implicit: 0, pageLoad: 300000, script: 30000}, unhandledPromptBehavior: dismiss and notify, webauthn:extension:credBlob: true, webauthn:extension:largeBlob: true, webauthn:extension:minPinLength: true, webauthn:extension:prf: true, webauthn:virtualAuthenticators: true}
Session ID: 190d4d1a377e65830070c7de5da43375
	at jdk.internal.reflect.NativeConstructorAccessorImpl.newInstance0(Native Method) ~[?:?]
	at jdk.internal.reflect.NativeConstructorAccessorImpl.newInstance(NativeConstructorAccessorImpl.java:77) ~[?:?]
	at jdk.internal.reflect.DelegatingConstructorAccessorImpl.newInstance(DelegatingConstructorAccessorImpl.java:45) ~[?:?]
	at java.lang.reflect.Constructor.newInstanceWithCaller(Constructor.java:499) ~[?:?]
	at java.lang.reflect.Constructor.newInstance(Constructor.java:480) ~[?:?]
	at org.openqa.selenium.remote.codec.w3c.W3CHttpResponseCodec.createException(W3CHttpResponseCodec.java:200) ~[selenium-remote-driver-4.15.0.jar:?]
	at org.openqa.selenium.remote.codec.w3c.W3CHttpResponseCodec.decode(W3CHttpResponseCodec.java:133) ~[selenium-remote-driver-4.15.0.jar:?]
	at org.openqa.selenium.remote.codec.w3c.W3CHttpResponseCodec.decode(W3CHttpResponseCodec.java:52) ~[selenium-remote-driver-4.15.0.jar:?]
	at org.openqa.selenium.remote.HttpCommandExecutor.execute(HttpCommandExecutor.java:191) ~[selenium-remote-driver-4.15.0.jar:?]
	at org.openqa.selenium.remote.service.DriverCommandExecutor.invokeExecute(DriverCommandExecutor.java:200) ~[selenium-remote-driver-4.15.0.jar:?]
	at org.openqa.selenium.remote.service.DriverCommandExecutor.execute(DriverCommandExecutor.java:175) ~[selenium-remote-driver-4.15.0.jar:?]
	at org.openqa.selenium.remote.RemoteWebDriver.execute(RemoteWebDriver.java:607) ~[selenium-remote-driver-4.15.0.jar:?]
	at org.openqa.selenium.remote.ElementLocation$ElementFinder$2.findElement(ElementLocation.java:165) ~[selenium-remote-driver-4.15.0.jar:?]
	at org.openqa.selenium.remote.ElementLocation.findElement(ElementLocation.java:59) ~[selenium-remote-driver-4.15.0.jar:?]
	at org.openqa.selenium.remote.RemoteWebDriver.findElement(RemoteWebDriver.java:364) ~[selenium-remote-driver-4.15.0.jar:?]
	at org.openqa.selenium.remote.RemoteWebDriver.findElement(RemoteWebDriver.java:358) ~[selenium-remote-driver-4.15.0.jar:?]
	at com.nba.framework.pages.BasePage.hoverOverElement(BasePage.java:132) ~[automation-framework-1.0-SNAPSHOT.jar:?]
	at com.nba.tests.core.pages.WarriorsPage.hoverOnMenu(WarriorsPage.java:304) ~[classes/:?]
	at com.nba.tests.core.stepdefinitions.WarriorsStepDefinitions.iHoverOnMenuItem(WarriorsStepDefinitions.java:180) ~[test-classes/:?]
	at jdk.internal.reflect.NativeMethodAccessorImpl.invoke0(Native Method) ~[?:?]
	at jdk.internal.reflect.NativeMethodAccessorImpl.invoke(NativeMethodAccessorImpl.java:77) ~[?:?]
	at jdk.internal.reflect.DelegatingMethodAccessorImpl.invoke(DelegatingMethodAccessorImpl.java:43) ~[?:?]
	at java.lang.reflect.Method.invoke(Method.java:568) ~[?:?]
	at io.cucumber.java.Invoker.doInvoke(Invoker.java:66) ~[cucumber-java-7.14.0.jar:7.14.0]
	at io.cucumber.java.Invoker.invoke(Invoker.java:24) ~[cucumber-java-7.14.0.jar:7.14.0]
	at io.cucumber.java.AbstractGlueDefinition.invokeMethod(AbstractGlueDefinition.java:47) ~[cucumber-java-7.14.0.jar:7.14.0]
	at io.cucumber.java.JavaStepDefinition.execute(JavaStepDefinition.java:29) ~[cucumber-java-7.14.0.jar:7.14.0]
	at io.cucumber.core.runner.CoreStepDefinition.execute(CoreStepDefinition.java:66) ~[cucumber-core-7.14.0.jar:7.14.0]
	at io.cucumber.core.runner.PickleStepDefinitionMatch.runStep(PickleStepDefinitionMatch.java:63) ~[cucumber-core-7.14.0.jar:7.14.0]
[...]
	at io.cucumber.core.runner.TestCase.run(TestCase.java:84)
	at io.cucumber.core.runner.Runner.runPickle(Runner.java:75)
	at io.cucumber.testng.TestNGCucumberRunner.lambda$runScenario$1(TestNGCucumberRunner.java:132)
	at io.cucumber.core.runtime.CucumberExecutionContext.lambda$runTestCase$5(CucumberExecutionContext.java:137)
	at io.cucumber.core.runtime.RethrowingThrowableCollector.executeAndThrow(RethrowingThrowableCollector.java:23)
	at io.cucumber.core.runtime.CucumberExecutionContext.runTestCase(CucumberExecutionContext.java:137)
	at io.cucumber.testng.TestNGCucumberRunner.runScenario(TestNGCucumberRunner.java:129)
	at io.cucumber.testng.AbstractTestNGCucumberTests.runScenario(AbstractTestNGCucumberTests.java:35)
	at java.base/jdk.internal.reflect.NativeMethodAccessorImpl.invoke0(Native Method)
	at java.base/jdk.internal.reflect.NativeMethodAccessorImpl.invoke(NativeMethodAccessorImpl.java:77)
	at java.base/jdk.internal.reflect.DelegatingMethodAccessorImpl.invoke(DelegatingMethodAccessorImpl.java:43)
	at java.base/java.lang.reflect.Method.invoke(Method.java:568)
	at org.testng.internal.invokers.MethodInvocationHelper.invokeMethod(MethodInvocationHelper.java:139)
	at org.testng.internal.invokers.TestInvoker.invokeMethod(TestInvoker.java:664)
	at org.testng.internal.invokers.TestInvoker.invokeTestMethod(TestInvoker.java:227)
	at org.testng.internal.invokers.TestMethodWithDataProviderMethodWorker.call(TestMethodWithDataProviderMethodWorker.java:80)
	at org.testng.internal.invokers.TestMethodWithDataProviderMethodWorker.call(TestMethodWithDataProviderMethodWorker.java:17)
	at java.base/java.util.concurrent.FutureTask.run(FutureTask.java:264)
	at java.base/java.util.concurrent.Executors$RunnableAdapter.call(Executors.java:539)
	at java.base/java.util.concurrent.FutureTask.run(FutureTask.java:264)
	at java.base/java.util.concurrent.ThreadPoolExecutor.runWorker(ThreadPoolExecutor.java:1136)
	at java.base/java.util.concurrent.ThreadPoolExecutor$Worker.run(ThreadPoolExecutor.java:635)
	at java.base/java.lang.Thread.run(Thread.java:842)
Caused by: java.net.ConnectException
	at java.net.http/jdk.internal.net.http.common.Utils.toConnectException(Utils.java:1055)
	at java.net.http/jdk.internal.net.http.PlainHttpConnection.connectAsync(PlainHttpConnection.java:198)
	at java.net.http/jdk.internal.net.http.PlainHttpConnection.checkRetryConnect(PlainHttpConnection.java:230)
	at java.net.http/jdk.internal.net.http.PlainHttpConnection.lambda$connectAsync$1(PlainHttpConnection.java:206)
	at java.base/java.util.concurrent.CompletableFuture.uniHandle(CompletableFuture.java:934)
	at java.base/java.util.concurrent.CompletableFuture$UniHandle.tryFire(CompletableFuture.java:911)
	at java.base/java.util.concurrent.CompletableFuture.postComplete(CompletableFuture.java:510)
	at java.base/java.util.concurrent.CompletableFuture$AsyncSupply.run(CompletableFuture.java:1773)
	... 3 more
Caused by: java.nio.channels.ClosedChannelException
	at java.base/sun.nio.ch.SocketChannelImpl.ensureOpen(SocketChannelImpl.java:195)
	at java.base/sun.nio.ch.SocketChannelImpl.beginConnect(SocketChannelImpl.java:760)
	at java.base/sun.nio.ch.SocketChannelImpl.connect(SocketChannelImpl.java:848)
	at java.net.http/jdk.internal.net.http.PlainHttpConnection.lambda$connectAsync$0(PlainHttpConnection.java:183)
	at java.base/java.security.AccessController.doPrivileged(AccessController.java:569)
	at java.net.http/jdk.internal.net.http.PlainHttpConnection.connectAsync(PlainHttpConnection.java:185)
	... 9 more
]]></failure>
    <system-out><![CDATA[  When I navigate to Shop Menu and click on "Kids"                                 # com.nba.tests.core.stepdefinitions.WarriorsStepDefinitions.iNavigateToShopMenuAndClickOnCategory(java.lang.String)
      org.openqa.selenium.remote.UnreachableBrowserException: Error communicating with the remote browser. It may have died.
Build info: version: '4.15.0', revision: '1d14b5521b'
System info: os.name: 'Mac OS X', os.arch: 'aarch64', os.version: '15.7.1', java.version: '17.0.12'
Driver info: org.openqa.selenium.chrome.ChromeDriver
Command: [cfccd49af226e0e6e8d5988759e47851, getWindowHandles []]
Capabilities {acceptInsecureCerts: false, browserName: chrome, browserVersion: 141.0.7390.123, chrome: {chromedriverVersion: 141.0.7390.122 (b477534e7e1..., userDataDir: /tmp/chrome-test-profile-17...}, fedcm:accounts: true, goog:chromeOptions: {debuggerAddress: localhost:50914}, networkConnectionEnabled: false, pageLoadStrategy: normal, platformName: mac, proxy: Proxy(), se:cdp: ws://localhost:50914/devtoo..., se:cdpVersion: 141.0.7390.123, setWindowRect: true, strictFileInteractability: false, timeouts: {implicit: 0, pageLoad: 300000, script: 30000}, unhandledPromptBehavior: dismiss and notify, webauthn:extension:credBlob: true, webauthn:extension:largeBlob: true, webauthn:extension:minPinLength: true, webauthn:extension:prf: true, webauthn:virtualAuthenticators: true}
Session ID: cfccd49af226e0e6e8d5988759e47851
	at org.openqa.selenium.remote.RemoteWebDriver.execute(RemoteWebDriver.java:634)
	at org.openqa.selenium.remote.RemoteWebDriver.execute(RemoteWebDriver.java:680)
	at org.openqa.selenium.remote.RemoteWebDriver.execute(RemoteWebDriver.java:684)
	at org.openqa.selenium.remote.RemoteWebDriver.getWindowHandles(RemoteWebDriver.java:451)
	at com.nba.tests.core.pages.WarriorsPage.clickShopMenu(WarriorsPage.java:53)
	at com.nba.tests.core.stepdefinitions.WarriorsStepDefinitions.iNavigateToShopMenuAndClickOnCategory(WarriorsStepDefinitions.java:101)
	at ✽.I navigate to Shop Menu and click on "Kids"(file:///Volumes/Amdocs/Workspace/nba-automation-framework%202/core-product-tests/src/test/resources/features/warriors_tests.feature:32)
Caused by: java.io.UncheckedIOException: java.net.ConnectException
	at org.openqa.selenium.remote.http.jdk.JdkHttpClient.execute0(JdkHttpClient.java:450)
	at org.openqa.selenium.remote.http.AddSeleniumUserAgent.lambda$apply$0(AddSeleniumUserAgent.java:42)
	at org.openqa.selenium.remote.http.Filter.lambda$andFinally$1(Filter.java:55)
	at org.openqa.selenium.remote.http.jdk.JdkHttpClient.execute(JdkHttpClient.java:366)
	at org.openqa.selenium.remote.HttpCommandExecutor.execute(HttpCommandExecutor.java:188)
	at org.openqa.selenium.remote.service.DriverCommandExecutor.invokeExecute(DriverCommandExecutor.java:200)
	at org.openqa.selenium.remote.service.DriverCommandExecutor.execute(DriverCommandExecutor.java:175)
	at org.openqa.selenium.remote.RemoteWebDriver.execute(RemoteWebDriver.java:607)
	at org.openqa.selenium.remote.RemoteWebDriver.execute(RemoteWebDriver.java:680)
	at org.openqa.selenium.remote.RemoteWebDriver.execute(RemoteWebDriver.java:684)
	at org.openqa.selenium.remote.RemoteWebDriver.getWindowHandles(RemoteWebDriver.java:451)
	at com.nba.tests.core.pages.WarriorsPage.clickShopMenu(WarriorsPage.java:53)
	at com.nba.tests.core.stepdefinitions.WarriorsStepDefinitions.iNavigateToShopMenuAndClickOnCategory(WarriorsStepDefinitions.java:101)
	at java.base/jdk.internal.reflect.NativeMethodAccessorImpl.invoke0(Native Method)
	at java.base/jdk.internal.reflect.NativeMethodAccessorImpl.invoke(NativeMethodAccessorImpl.java:77)
	at java.base/jdk.internal.reflect.DelegatingMethodAccessorImpl.invoke(DelegatingMethodAccessorImpl.java:43)
	at java.base/java.lang.reflect.Method.invoke(Method.java:568)
	at io.cucumber.java.Invoker.doInvoke(Invoker.java:66)
	at io.cucumber.java.Invoker.invoke(Invoker.java:24)
	at io.cucumber.java.AbstractGlueDefinition.invokeMethod(AbstractGlueDefinition.java:47)
	at io.cucumber.java.JavaStepDefinition.execute(JavaStepDefinition.java:29)
	at io.cucumber.core.runner.CoreStepDefinition.execute(CoreStepDefinition.java:66)
	at io.cucumber.core.runner.PickleStepDefinitionMatch.runStep(PickleStepDefinitionMatch.java:63)
	at io.cucumber.core.runner.ExecutionMode$1.execute(ExecutionMode.java:10)
	at io.cucumber.core.runner.TestStep.executeStep(TestStep.java:84)
	at io.cucumber.core.runner.TestStep.run(TestStep.java:56)
	at io.cucumber.core.runner.PickleStepTestStep.run(PickleStepTestStep.java:51)
	at io.cucumber.core.runner.TestCase.run(TestCase.java:84)
	at io.cucumber.core.runner.Runner.runPickle(Runner.java:75)
	at io.cucumber.testng.TestNGCucumberRunner.lambda$runScenario$1(TestNGCucumberRunner.java:132)
	at io.cucumber.core.runtime.CucumberExecutionContext.lambda$runTestCase$5(CucumberExecutionContext.java:137)
	at io.cucumber.core.runtime.RethrowingThrowableCollector.executeAndThrow(RethrowingThrowableCollector.java:23)
	at io.cucumber.core.runtime.CucumberExecutionContext.runTestCase(CucumberExecutionContext.java:137)
	at io.cucumber.testng.TestNGCucumberRunner.runScenario(TestNGCucumberRunner.java:129)
	at io.cucumber.testng.AbstractTestNGCucumberTests.runScenario(AbstractTestNGCucumberTests.java:35)
	at java.base/jdk.internal.reflect.NativeMethodAccessorImpl.invoke0(Native Method)
	at java.base/jdk.internal.reflect.NativeMethodAccessorImpl.invoke(NativeMethodAccessorImpl.java:77)
	at java.base/jdk.internal.reflect.DelegatingMethodAccessorImpl.invoke(DelegatingMethodAccessorImpl.java:43)
	at java.base/java.lang.reflect.Method.invoke(Method.java:568)
	at org.testng.internal.invokers.MethodInvocationHelper.invokeMethod(MethodInvocationHelper.java:139)
	at org.testng.internal.invokers.TestInvoker.invokeMethod(TestInvoker.java:664)
	at org.testng.internal.invokers.TestInvoker.invokeTestMethod(TestInvoker.java:227)
	at org.testng.internal.invokers.TestMethodWithDataProviderMethodWorker.call(TestMethodWithDataProviderMethodWorker.java:80)
	at org.testng.internal.invokers.TestMethodWithDataProviderMethodWorker.call(TestMethodWithDataProviderMethodWorker.java:17)
	at java.base/java.util.concurrent.FutureTask.run(FutureTask.java:264)
	at java.base/java.util.concurrent.Executors$RunnableAdapter.call(Executors.java:539)
	at java.base/java.util.concurrent.FutureTask.run(FutureTask.java:264)
	at java.base/java.util.concurrent.ThreadPoolExecutor.runWorker(ThreadPoolExecutor.java:1136)
	at java.base/java.util.concurrent.ThreadPoolExecutor$Worker.run(ThreadPoolExecutor.java:635)
	at java.base/java.lang.Thread.run(Thread.java:842)
Caused by: java.net.ConnectException
	at java.net.http/jdk.internal.net.http.common.Utils.toConnectException(Utils.java:1055)
	at java.net.http/jdk.internal.net.http.PlainHttpConnection.connectAsync(PlainHttpConnection.java:198)
	at java.net.http/jdk.internal.net.http.PlainHttpConnection.checkRetryConnect(PlainHttpConnection.java:230)
	at java.net.http/jdk.internal.net.http.PlainHttpConnection.lambda$connectAsync$1(PlainHttpConnection.java:206)
	at java.base/java.util.concurrent.CompletableFuture.uniHandle(CompletableFuture.java:934)
	at java.base/java.util.concurrent.CompletableFuture$UniHandle.tryFire(CompletableFuture.java:911)
	at java.base/java.util.concurrent.CompletableFuture.postComplete(CompletableFuture.java:510)
	at java.base/java.util.concurrent.CompletableFuture$AsyncSupply.run(CompletableFuture.java:1773)
	... 3 more
Caused by: java.nio.channels.ClosedChannelException
	at java.base/sun.nio.ch.SocketChannelImpl.ensureOpen(SocketChannelImpl.java:195)
	at java.base/sun.nio.ch.SocketChannelImpl.beginConnect(SocketChannelImpl.java:760)
	at java.base/sun.nio.ch.SocketChannelImpl.connect(SocketChannelImpl.java:848)
	at java.net.http/jdk.internal.net.http.PlainHttpConnection.lambda$connectAsync$0(PlainHttpConnection.java:183)
	at java.base/java.security.AccessController.doPrivileged(AccessController.java:569)
	at java.net.http/jdk.internal.net.http.PlainHttpConnection.connectAsync(PlainHttpConnection.java:185)
	... 9 more

  And I click on Jackets category                                                  # com.nba.tests.core.stepdefinitions.WarriorsStepDefinitions.iClickOnJacketsCategory()
  Then I should see jacket products                                                # com.nba.tests.core.stepdefinitions.WarriorsStepDefinitions.iShouldSeeJacketProducts()
  When I collect all jacket information from all pages                             # com.nba.tests.core.stepdefinitions.WarriorsStepDefinitions.iCollectAllJacketInformationFromAllPages()
  Then I should store jacket details to a text file                                # com.nba.tests.core.stepdefinitions.WarriorsStepDefinitions.iShouldStoreJacketDetailsToATextFile()
16:54:30.509 [TestNG-PoolService-4] INFO  com.nba.framework.hooks.CucumberHooks - Finishing scenario: Test Case 1 Alternative - Find Jackets with different categories - Status: FAILED
      org.openqa.selenium.remote.UnreachableBrowserException: Error communicating with the remote browser. It may have died.
Build info: version: '4.15.0', revision: '1d14b5521b'
System info: os.name: 'Mac OS X', os.arch: 'aarch64', os.version: '15.7.1', java.version: '17.0.12'
Driver info: org.openqa.selenium.chrome.ChromeDriver
Command: [cfccd49af226e0e6e8d5988759e47851, screenshot []]
Capabilities {acceptInsecureCerts: false, browserName: chrome, browserVersion: 141.0.7390.123, chrome: {chromedriverVersion: 141.0.7390.122 (b477534e7e1..., userDataDir: /tmp/chrome-test-profile-17...}, fedcm:accounts: true, goog:chromeOptions: {debuggerAddress: localhost:50914}, networkConnectionEnabled: false, pageLoadStrategy: normal, platformName: mac, proxy: Proxy(), se:cdp: ws://localhost:50914/devtoo..., se:cdpVersion: 141.0.7390.123, setWindowRect: true, strictFileInteractability: false, timeouts: {implicit: 0, pageLoad: 300000, script: 30000}, unhandledPromptBehavior: dismiss and notify, webauthn:extension:credBlob: true, webauthn:extension:largeBlob: true, webauthn:extension:minPinLength: true, webauthn:extension:prf: true, webauthn:virtualAuthenticators: true}
Session ID: cfccd49af226e0e6e8d5988759e47851
	at org.openqa.selenium.remote.RemoteWebDriver.execute(RemoteWebDriver.java:634)
	at org.openqa.selenium.remote.RemoteWebDriver.execute(RemoteWebDriver.java:680)
	at org.openqa.selenium.remote.RemoteWebDriver.execute(RemoteWebDriver.java:684)
	at org.openqa.selenium.remote.RemoteWebDriver.getScreenshotAs(RemoteWebDriver.java:330)
	at com.nba.framework.utils.ScreenshotUtils.captureScreenshot(ScreenshotUtils.java:37)
	at com.nba.framework.hooks.CucumberHooks.tearDown(CucumberHooks.java:40)
Caused by: java.io.UncheckedIOException: java.net.ConnectException
	at org.openqa.selenium.remote.http.jdk.JdkHttpClient.execute0(JdkHttpClient.java:450)
	at org.openqa.selenium.remote.http.AddSeleniumUserAgent.lambda$apply$0(AddSeleniumUserAgent.java:42)
	at org.openqa.selenium.remote.http.Filter.lambda$andFinally$1(Filter.java:55)
	at org.openqa.selenium.remote.http.jdk.JdkHttpClient.execute(JdkHttpClient.java:366)
	at org.openqa.selenium.remote.HttpCommandExecutor.execute(HttpCommandExecutor.java:188)
	at org.openqa.selenium.remote.service.DriverCommandExecutor.invokeExecute(DriverCommandExecutor.java:200)
	at org.openqa.selenium.remote.service.DriverCommandExecutor.execute(DriverCommandExecutor.java:175)
	at org.openqa.selenium.remote.RemoteWebDriver.execute(RemoteWebDriver.java:607)
	at org.openqa.selenium.remote.RemoteWebDriver.execute(RemoteWebDriver.java:680)
	at org.openqa.selenium.remote.RemoteWebDriver.execute(RemoteWebDriver.java:684)
	at org.openqa.selenium.remote.RemoteWebDriver.getScreenshotAs(RemoteWebDriver.java:330)
	at com.nba.framework.utils.ScreenshotUtils.captureScreenshot(ScreenshotUtils.java:37)
	at com.nba.framework.hooks.CucumberHooks.tearDown(CucumberHooks.java:40)
	at java.base/jdk.internal.reflect.NativeMethodAccessorImpl.invoke0(Native Method)
	at java.base/jdk.internal.reflect.NativeMethodAccessorImpl.invoke(NativeMethodAccessorImpl.java:77)
	at java.base/jdk.internal.reflect.DelegatingMethodAccessorImpl.invoke(DelegatingMethodAccessorImpl.java:43)
	at java.base/java.lang.reflect.Method.invoke(Method.java:568)
	at io.cucumber.java.Invoker.doInvoke(Invoker.java:66)
	at io.cucumber.java.Invoker.invoke(Invoker.java:24)
	at io.cucumber.java.AbstractGlueDefinition.invokeMethod(AbstractGlueDefinition.java:47)
	at io.cucumber.java.JavaHookDefinition.execute(JavaHookDefinition.java:64)
	at io.cucumber.core.runner.CoreHookDefinition.execute(CoreHookDefinition.java:46)
	at io.cucumber.core.runner.HookDefinitionMatch.runStep(HookDefinitionMatch.java:21)
	at io.cucumber.core.runner.ExecutionMode$1.execute(ExecutionMode.java:10)
	at io.cucumber.core.runner.TestStep.executeStep(TestStep.java:84)
	at io.cucumber.core.runner.TestStep.run(TestStep.java:56)
	at io.cucumber.core.runner.TestCase.run(TestCase.java:90)
	at io.cucumber.core.runner.Runner.runPickle(Runner.java:75)
	at io.cucumber.testng.TestNGCucumberRunner.lambda$runScenario$1(TestNGCucumberRunner.java:132)
	at io.cucumber.core.runtime.CucumberExecutionContext.lambda$runTestCase$5(CucumberExecutionContext.java:137)
	at io.cucumber.core.runtime.RethrowingThrowableCollector.executeAndThrow(RethrowingThrowableCollector.java:23)
	at io.cucumber.core.runtime.CucumberExecutionContext.runTestCase(CucumberExecutionContext.java:137)
	at io.cucumber.testng.TestNGCucumberRunner.runScenario(TestNGCucumberRunner.java:129)
	at io.cucumber.testng.AbstractTestNGCucumberTests.runScenario(AbstractTestNGCucumberTests.java:35)
	at java.base/jdk.internal.reflect.NativeMethodAccessorImpl.invoke0(Native Method)
	at java.base/jdk.internal.reflect.NativeMethodAccessorImpl.invoke(NativeMethodAccessorImpl.java:77)
	at java.base/jdk.internal.reflect.DelegatingMethodAccessorImpl.invoke(DelegatingMethodAccessorImpl.java:43)
	at java.base/java.lang.reflect.Method.invoke(Method.java:568)
	at org.testng.internal.invokers.MethodInvocationHelper.invokeMethod(MethodInvocationHelper.java:139)
	at org.testng.internal.invokers.TestInvoker.invokeMethod(TestInvoker.java:664)
	at org.testng.internal.invokers.TestInvoker.invokeTestMethod(TestInvoker.java:227)
	at org.testng.internal.invokers.TestMethodWithDataProviderMethodWorker.call(TestMethodWithDataProviderMethodWorker.java:80)
	at org.testng.internal.invokers.TestMethodWithDataProviderMethodWorker.call(TestMethodWithDataProviderMethodWorker.java:17)
	at java.base/java.util.concurrent.FutureTask.run(FutureTask.java:264)
	at java.base/java.util.concurrent.Executors$RunnableAdapter.call(Executors.java:539)
	at java.base/java.util.concurrent.FutureTask.run(FutureTask.java:264)
	at java.base/java.util.concurrent.ThreadPoolExecutor.runWorker(ThreadPoolExecutor.java:1136)
	at java.base/java.util.concurrent.ThreadPoolExecutor$Worker.run(ThreadPoolExecutor.java:635)
	at java.base/java.lang.Thread.run(Thread.java:842)
Caused by: java.net.ConnectException
	at java.net.http/jdk.internal.net.http.common.Utils.toConnectException(Utils.java:1055)
	at java.net.http/jdk.internal.net.http.PlainHttpConnection.connectAsync(PlainHttpConnection.java:198)
	at java.net.http/jdk.internal.net.http.PlainHttpConnection.checkRetryConnect(PlainHttpConnection.java:230)
	at java.net.http/jdk.internal.net.http.PlainHttpConnection.lambda$connectAsync$1(PlainHttpConnection.java:206)
	at java.base/java.util.concurrent.CompletableFuture.uniHandle(CompletableFuture.java:934)
	at java.base/java.util.concurrent.CompletableFuture$UniHandle.tryFire(CompletableFuture.java:911)
	at java.base/java.util.concurrent.CompletableFuture.postComplete(CompletableFuture.java:510)
	at java.base/java.util.concurrent.CompletableFuture$AsyncSupply.run(CompletableFuture.java:1773)
	... 3 more
Caused by: java.nio.channels.ClosedChannelException
	at java.base/sun.nio.ch.SocketChannelImpl.ensureOpen(SocketChannelImpl.java:195)
	at java.base/sun.nio.ch.SocketChannelImpl.beginConnect(SocketChannelImpl.java:760)
	at java.base/sun.nio.ch.SocketChannelImpl.connect(SocketChannelImpl.java:848)
	at java.net.http/jdk.internal.net.http.PlainHttpConnection.lambda$connectAsync$0(PlainHttpConnection.java:183)
	at java.base/java.security.AccessController.doPrivileged(AccessController.java:569)
	at java.net.http/jdk.internal.net.http.PlainHttpConnection.connectAsync(PlainHttpConnection.java:185)
	... 9 more

]]></system-out>
  </testcase>
</testsuite>