<?xml version="1.0" encoding="UTF-8"?>
<!-- Generated by org.testng.reporters.JUnitXMLReporter -->
<testsuite ignored="0" hostname="yashgoy02-mac" failures="1" tests="1" name="Surefire test" time="38.682" errors="0" timestamp="2025-10-26T01:32:32 IST">
  <testcase classname="io.cucumber.testng.AbstractTestNGCucumberTests" name="runScenario" time="38.357">
    <failure type="java.lang.AssertionError" message="Jackets category should be visible expected [true] but found [false]">
      <![CDATA[java.lang.AssertionError: Jackets category should be visible expected [true] but found [false]
at com.nba.framework.assertions.BaseAssertion.assertTrue(BaseAssertion.java:44)
at com.nba.tests.core.assertions.WarriorsPageAssertions.assertJacketsCategoryVisible(WarriorsPageAssertions.java:33)
at com.nba.tests.core.stepdefinitions.WarriorsStepDefinitions.iClickOnJacketsCategory(WarriorsStepDefinitions.java:122)
at ✽.I click on Jackets category(file:///Volumes/Amdocs/Workspaces/Testing/nba-automation-framework/core-product-tests/src/test/resources/features/warriors_tests.feature:13)
... Removed 3 stack frames]]>
    </failure>
  </testcase> <!-- runScenario -->
</testsuite> <!-- Surefire test -->
